{"/Users/mussa/Documents/Universidad/Ingenieria de Software III/ing-soft3-final/frontend/src/components/Button.tsx": {"path":"/Users/mussa/Documents/Universidad/Ingenieria de Software III/ing-soft3-final/frontend/src/components/Button.tsx","all":false,"statementMap":{"0":{"start":{"line":1,"column":0},"end":{"line":1,"column":57}},"9":{"start":{"line":10,"column":0},"end":{"line":10,"column":47}},"10":{"start":{"line":11,"column":0},"end":{"line":11,"column":13}},"11":{"start":{"line":12,"column":0},"end":{"line":12,"column":24}},"12":{"start":{"line":13,"column":0},"end":{"line":13,"column":22}},"13":{"start":{"line":14,"column":0},"end":{"line":14,"column":14}},"14":{"start":{"line":15,"column":0},"end":{"line":15,"column":12}},"15":{"start":{"line":16,"column":0},"end":{"line":16,"column":7}},"16":{"start":{"line":17,"column":0},"end":{"line":17,"column":12}},"17":{"start":{"line":18,"column":0},"end":{"line":18,"column":15}},"18":{"start":{"line":19,"column":0},"end":{"line":19,"column":34}},"19":{"start":{"line":20,"column":0},"end":{"line":20,"column":30}},"20":{"start":{"line":21,"column":0},"end":{"line":21,"column":32}},"21":{"start":{"line":22,"column":0},"end":{"line":22,"column":50}},"22":{"start":{"line":23,"column":0},"end":{"line":23,"column":25}},"23":{"start":{"line":24,"column":0},"end":{"line":24,"column":14}},"24":{"start":{"line":25,"column":0},"end":{"line":25,"column":22}},"26":{"start":{"line":27,"column":0},"end":{"line":27,"column":22}},"27":{"start":{"line":28,"column":0},"end":{"line":28,"column":17}},"29":{"start":{"line":30,"column":0},"end":{"line":30,"column":2}}},"s":{"0":1,"9":1,"10":154,"11":154,"12":154,"13":154,"14":154,"15":154,"16":154,"17":154,"18":154,"19":154,"20":154,"21":154,"22":154,"23":154,"24":154,"26":154,"27":154,"29":154},"branchMap":{"0":{"type":"branch","line":10,"loc":{"start":{"line":10,"column":45},"end":{"line":30,"column":2}},"locations":[{"start":{"line":10,"column":45},"end":{"line":30,"column":2}}]}},"b":{"0":[154]},"fnMap":{"0":{"name":"Button","decl":{"start":{"line":10,"column":45},"end":{"line":30,"column":2}},"loc":{"start":{"line":10,"column":45},"end":{"line":30,"column":2}},"line":10}},"f":{"0":154}}
,"/Users/mussa/Documents/Universidad/Ingenieria de Software III/ing-soft3-final/frontend/src/components/Input.tsx": {"path":"/Users/mussa/Documents/Universidad/Ingenieria de Software III/ing-soft3-final/frontend/src/components/Input.tsx","all":false,"statementMap":{"0":{"start":{"line":1,"column":0},"end":{"line":1,"column":56}},"10":{"start":{"line":11,"column":0},"end":{"line":11,"column":45}},"11":{"start":{"line":12,"column":0},"end":{"line":12,"column":10}},"12":{"start":{"line":13,"column":0},"end":{"line":13,"column":10}},"13":{"start":{"line":14,"column":0},"end":{"line":14,"column":22}},"14":{"start":{"line":15,"column":0},"end":{"line":15,"column":14}},"15":{"start":{"line":16,"column":0},"end":{"line":16,"column":7}},"16":{"start":{"line":17,"column":0},"end":{"line":17,"column":12}},"17":{"start":{"line":18,"column":0},"end":{"line":18,"column":7}},"18":{"start":{"line":19,"column":0},"end":{"line":19,"column":37}},"20":{"start":{"line":21,"column":0},"end":{"line":21,"column":12}},"21":{"start":{"line":22,"column":0},"end":{"line":22,"column":117}},"22":{"start":{"line":23,"column":0},"end":{"line":23,"column":88}},"23":{"start":{"line":24,"column":0},"end":{"line":24,"column":18}},"24":{"start":{"line":25,"column":0},"end":{"line":25,"column":28}},"25":{"start":{"line":26,"column":0},"end":{"line":26,"column":63}},"26":{"start":{"line":27,"column":0},"end":{"line":27,"column":26}},"27":{"start":{"line":28,"column":0},"end":{"line":28,"column":14}},"28":{"start":{"line":29,"column":0},"end":{"line":29,"column":72}},"29":{"start":{"line":30,"column":0},"end":{"line":30,"column":14}},"31":{"start":{"line":32,"column":0},"end":{"line":32,"column":2}}},"s":{"0":1,"10":1,"11":310,"12":310,"13":310,"14":310,"15":310,"16":310,"17":310,"18":310,"20":310,"21":310,"22":310,"23":310,"24":310,"25":310,"26":310,"27":310,"28":310,"29":310,"31":310},"branchMap":{"0":{"type":"branch","line":11,"loc":{"start":{"line":11,"column":43},"end":{"line":32,"column":2}},"locations":[{"start":{"line":11,"column":43},"end":{"line":32,"column":2}}]},"1":{"type":"branch","line":19,"loc":{"start":{"line":19,"column":20},"end":{"line":19,"column":37}},"locations":[{"start":{"line":19,"column":20},"end":{"line":19,"column":37}}]},"2":{"type":"branch","line":23,"loc":{"start":{"line":23,"column":13},"end":{"line":23,"column":88}},"locations":[{"start":{"line":23,"column":13},"end":{"line":23,"column":88}}]},"3":{"type":"branch","line":29,"loc":{"start":{"line":29,"column":13},"end":{"line":29,"column":72}},"locations":[{"start":{"line":29,"column":13},"end":{"line":29,"column":72}}]}},"b":{"0":[310],"1":[3],"2":[301],"3":[1]},"fnMap":{"0":{"name":"Input","decl":{"start":{"line":11,"column":43},"end":{"line":32,"column":2}},"loc":{"start":{"line":11,"column":43},"end":{"line":32,"column":2}},"line":11}},"f":{"0":310}}
,"/Users/mussa/Documents/Universidad/Ingenieria de Software III/ing-soft3-final/frontend/src/components/Layout.tsx": {"path":"/Users/mussa/Documents/Universidad/Ingenieria de Software III/ing-soft3-final/frontend/src/components/Layout.tsx","all":false,"statementMap":{"0":{"start":{"line":1,"column":0},"end":{"line":1,"column":46}},"10":{"start":{"line":11,"column":0},"end":{"line":11,"column":64}},"11":{"start":{"line":12,"column":0},"end":{"line":12,"column":46}},"12":{"start":{"line":13,"column":0},"end":{"line":13,"column":35}},"14":{"start":{"line":15,"column":0},"end":{"line":15,"column":32}},"15":{"start":{"line":16,"column":0},"end":{"line":16,"column":17}},"16":{"start":{"line":17,"column":0},"end":{"line":17,"column":27}},"17":{"start":{"line":18,"column":0},"end":{"line":18,"column":6}},"19":{"start":{"line":20,"column":0},"end":{"line":20,"column":12}},"20":{"start":{"line":21,"column":0},"end":{"line":21,"column":39}},"21":{"start":{"line":22,"column":0},"end":{"line":22,"column":46}},"22":{"start":{"line":23,"column":0},"end":{"line":23,"column":54}},"23":{"start":{"line":24,"column":0},"end":{"line":24,"column":57}},"25":{"start":{"line":26,"column":0},"end":{"line":26,"column":27}},"26":{"start":{"line":27,"column":0},"end":{"line":27,"column":48}},"27":{"start":{"line":28,"column":0},"end":{"line":28,"column":40}},"28":{"start":{"line":29,"column":0},"end":{"line":29,"column":30}},"29":{"start":{"line":30,"column":0},"end":{"line":30,"column":57}},"30":{"start":{"line":31,"column":0},"end":{"line":31,"column":112}},"32":{"start":{"line":33,"column":0},"end":{"line":33,"column":38}},"33":{"start":{"line":34,"column":0},"end":{"line":34,"column":114}},"34":{"start":{"line":35,"column":0},"end":{"line":35,"column":118}},"35":{"start":{"line":36,"column":0},"end":{"line":36,"column":39}},"37":{"start":{"line":38,"column":0},"end":{"line":38,"column":65}},"38":{"start":{"line":39,"column":0},"end":{"line":39,"column":95}},"39":{"start":{"line":40,"column":0},"end":{"line":40,"column":135}},"41":{"start":{"line":42,"column":0},"end":{"line":42,"column":45}},"42":{"start":{"line":43,"column":0},"end":{"line":43,"column":38}},"43":{"start":{"line":44,"column":0},"end":{"line":44,"column":31}},"45":{"start":{"line":46,"column":0},"end":{"line":46,"column":30}},"46":{"start":{"line":47,"column":0},"end":{"line":47,"column":89}},"47":{"start":{"line":48,"column":0},"end":{"line":48,"column":95}},"48":{"start":{"line":49,"column":0},"end":{"line":49,"column":31}},"50":{"start":{"line":51,"column":0},"end":{"line":51,"column":26}},"51":{"start":{"line":52,"column":0},"end":{"line":52,"column":22}},"52":{"start":{"line":53,"column":0},"end":{"line":53,"column":21}},"53":{"start":{"line":54,"column":0},"end":{"line":54,"column":42}},"54":{"start":{"line":55,"column":0},"end":{"line":55,"column":26}},"55":{"start":{"line":56,"column":0},"end":{"line":56,"column":19}},"56":{"start":{"line":57,"column":0},"end":{"line":57,"column":46}},"57":{"start":{"line":58,"column":0},"end":{"line":58,"column":97}},"58":{"start":{"line":59,"column":0},"end":{"line":59,"column":21}},"59":{"start":{"line":60,"column":0},"end":{"line":60,"column":14}},"61":{"start":{"line":62,"column":0},"end":{"line":62,"column":2}}},"s":{"0":1,"10":1,"11":116,"12":116,"14":116,"15":0,"16":0,"17":0,"19":116,"20":116,"21":116,"22":116,"23":116,"25":116,"26":116,"27":116,"28":22,"29":22,"30":6,"32":16,"33":16,"34":16,"35":16,"37":22,"38":22,"39":22,"41":22,"42":22,"43":22,"45":94,"46":94,"47":94,"48":94,"50":116,"51":116,"52":116,"53":116,"54":116,"55":116,"56":116,"57":116,"58":116,"59":116,"61":116},"branchMap":{"0":{"type":"branch","line":11,"loc":{"start":{"line":11,"column":45},"end":{"line":62,"column":2}},"locations":[{"start":{"line":11,"column":45},"end":{"line":62,"column":2}}]},"1":{"type":"branch","line":28,"loc":{"start":{"line":28,"column":25},"end":{"line":44,"column":31}},"locations":[{"start":{"line":28,"column":25},"end":{"line":44,"column":31}}]},"2":{"type":"branch","line":30,"loc":{"start":{"line":30,"column":45},"end":{"line":31,"column":112}},"locations":[{"start":{"line":30,"column":45},"end":{"line":31,"column":112}}]},"3":{"type":"branch","line":31,"loc":{"start":{"line":31,"column":105},"end":{"line":36,"column":39}},"locations":[{"start":{"line":31,"column":105},"end":{"line":36,"column":39}}]},"4":{"type":"branch","line":44,"loc":{"start":{"line":44,"column":28},"end":{"line":49,"column":31}},"locations":[{"start":{"line":44,"column":28},"end":{"line":49,"column":31}}]}},"b":{"0":[116],"1":[22],"2":[6],"3":[16],"4":[94]},"fnMap":{"0":{"name":"Layout","decl":{"start":{"line":11,"column":45},"end":{"line":62,"column":2}},"loc":{"start":{"line":11,"column":45},"end":{"line":62,"column":2}},"line":11},"1":{"name":"handleLogout","decl":{"start":{"line":15,"column":25},"end":{"line":18,"column":6}},"loc":{"start":{"line":15,"column":25},"end":{"line":18,"column":6}},"line":15}},"f":{"0":116,"1":0}}
,"/Users/mussa/Documents/Universidad/Ingenieria de Software III/ing-soft3-final/frontend/src/components/ReservationsList.tsx": {"path":"/Users/mussa/Documents/Universidad/Ingenieria de Software III/ing-soft3-final/frontend/src/components/ReservationsList.tsx","all":false,"statementMap":{"0":{"start":{"line":1,"column":0},"end":{"line":1,"column":26}},"13":{"start":{"line":14,"column":0},"end":{"line":14,"column":67}},"14":{"start":{"line":15,"column":0},"end":{"line":15,"column":17}},"15":{"start":{"line":16,"column":0},"end":{"line":16,"column":13}},"16":{"start":{"line":17,"column":0},"end":{"line":17,"column":20}},"17":{"start":{"line":18,"column":0},"end":{"line":18,"column":13}},"18":{"start":{"line":19,"column":0},"end":{"line":19,"column":7}},"19":{"start":{"line":20,"column":0},"end":{"line":20,"column":36}},"20":{"start":{"line":21,"column":0},"end":{"line":21,"column":74}},"21":{"start":{"line":22,"column":0},"end":{"line":22,"column":5}},"23":{"start":{"line":24,"column":0},"end":{"line":24,"column":12}},"24":{"start":{"line":25,"column":0},"end":{"line":25,"column":37}},"25":{"start":{"line":26,"column":0},"end":{"line":26,"column":48}},"26":{"start":{"line":27,"column":0},"end":{"line":27,"column":92}},"27":{"start":{"line":28,"column":0},"end":{"line":28,"column":60}},"28":{"start":{"line":29,"column":0},"end":{"line":29,"column":53}},"29":{"start":{"line":30,"column":0},"end":{"line":30,"column":40}},"30":{"start":{"line":31,"column":0},"end":{"line":31,"column":34}},"31":{"start":{"line":32,"column":0},"end":{"line":32,"column":84}},"32":{"start":{"line":33,"column":0},"end":{"line":33,"column":35}},"34":{"start":{"line":35,"column":0},"end":{"line":35,"column":34}},"35":{"start":{"line":36,"column":0},"end":{"line":36,"column":107}},"36":{"start":{"line":37,"column":0},"end":{"line":37,"column":35}},"38":{"start":{"line":39,"column":0},"end":{"line":39,"column":30}},"40":{"start":{"line":41,"column":0},"end":{"line":41,"column":56}},"41":{"start":{"line":42,"column":0},"end":{"line":42,"column":40}},"42":{"start":{"line":43,"column":0},"end":{"line":43,"column":34}},"43":{"start":{"line":44,"column":0},"end":{"line":44,"column":113}},"44":{"start":{"line":45,"column":0},"end":{"line":45,"column":35}},"46":{"start":{"line":47,"column":0},"end":{"line":47,"column":34}},"47":{"start":{"line":48,"column":0},"end":{"line":48,"column":63}},"48":{"start":{"line":49,"column":0},"end":{"line":49,"column":35}},"50":{"start":{"line":51,"column":0},"end":{"line":51,"column":119}},"51":{"start":{"line":52,"column":0},"end":{"line":52,"column":30}},"53":{"start":{"line":54,"column":0},"end":{"line":54,"column":95}},"54":{"start":{"line":55,"column":0},"end":{"line":55,"column":62}},"55":{"start":{"line":56,"column":0},"end":{"line":56,"column":30}},"56":{"start":{"line":57,"column":0},"end":{"line":57,"column":26}},"58":{"start":{"line":59,"column":0},"end":{"line":59,"column":52}},"59":{"start":{"line":60,"column":0},"end":{"line":60,"column":86}},"60":{"start":{"line":61,"column":0},"end":{"line":61,"column":35}},"61":{"start":{"line":62,"column":0},"end":{"line":62,"column":73}},"62":{"start":{"line":63,"column":0},"end":{"line":63,"column":118}},"63":{"start":{"line":64,"column":0},"end":{"line":64,"column":29}},"65":{"start":{"line":66,"column":0},"end":{"line":66,"column":37}},"68":{"start":{"line":69,"column":0},"end":{"line":69,"column":102}},"69":{"start":{"line":70,"column":0},"end":{"line":70,"column":35}},"70":{"start":{"line":71,"column":0},"end":{"line":71,"column":48}},"71":{"start":{"line":72,"column":0},"end":{"line":72,"column":72}},"72":{"start":{"line":73,"column":0},"end":{"line":73,"column":63}},"73":{"start":{"line":74,"column":0},"end":{"line":74,"column":29}},"75":{"start":{"line":76,"column":0},"end":{"line":76,"column":37}},"77":{"start":{"line":78,"column":0},"end":{"line":78,"column":26}},"78":{"start":{"line":79,"column":0},"end":{"line":79,"column":22}},"79":{"start":{"line":80,"column":0},"end":{"line":80,"column":15}},"80":{"start":{"line":81,"column":0},"end":{"line":81,"column":14}},"82":{"start":{"line":83,"column":0},"end":{"line":83,"column":2}}},"s":{"0":1,"13":1,"14":9,"15":9,"16":9,"17":9,"18":9,"19":9,"20":0,"21":0,"23":9,"24":9,"25":9,"26":18,"27":18,"28":18,"29":18,"30":7,"31":7,"32":7,"34":11,"35":11,"36":11,"38":18,"40":18,"41":18,"42":7,"43":7,"44":7,"46":11,"47":11,"48":11,"50":18,"51":18,"53":18,"54":18,"55":18,"56":18,"58":18,"59":18,"60":4,"61":4,"62":4,"63":4,"65":4,"68":18,"69":16,"70":16,"71":16,"72":16,"73":16,"75":16,"77":18,"78":18,"79":9,"80":9,"82":9},"branchMap":{"0":{"type":"branch","line":14,"loc":{"start":{"line":14,"column":65},"end":{"line":83,"column":2}},"locations":[{"start":{"line":14,"column":65},"end":{"line":83,"column":2}}]},"1":{"type":"branch","line":20,"loc":{"start":{"line":20,"column":35},"end":{"line":22,"column":5}},"locations":[{"start":{"line":20,"column":35},"end":{"line":22,"column":5}}]},"2":{"type":"branch","line":26,"loc":{"start":{"line":26,"column":30},"end":{"line":79,"column":22}},"locations":[{"start":{"line":26,"column":30},"end":{"line":79,"column":22}}]},"3":{"type":"branch","line":30,"loc":{"start":{"line":30,"column":29},"end":{"line":33,"column":35}},"locations":[{"start":{"line":30,"column":29},"end":{"line":33,"column":35}}]},"4":{"type":"branch","line":33,"loc":{"start":{"line":33,"column":32},"end":{"line":37,"column":35}},"locations":[{"start":{"line":33,"column":32},"end":{"line":37,"column":35}}]},"5":{"type":"branch","line":42,"loc":{"start":{"line":42,"column":29},"end":{"line":45,"column":35}},"locations":[{"start":{"line":42,"column":29},"end":{"line":45,"column":35}}]},"6":{"type":"branch","line":44,"loc":{"start":{"line":44,"column":74},"end":{"line":44,"column":85}},"locations":[{"start":{"line":44,"column":74},"end":{"line":44,"column":85}}]},"7":{"type":"branch","line":44,"loc":{"start":{"line":44,"column":100},"end":{"line":44,"column":112}},"locations":[{"start":{"line":44,"column":100},"end":{"line":44,"column":112}}]},"8":{"type":"branch","line":45,"loc":{"start":{"line":45,"column":32},"end":{"line":49,"column":35}},"locations":[{"start":{"line":45,"column":32},"end":{"line":49,"column":35}}]},"9":{"type":"branch","line":51,"loc":{"start":{"line":51,"column":41},"end":{"line":51,"column":119}},"locations":[{"start":{"line":51,"column":41},"end":{"line":51,"column":119}}]},"10":{"type":"branch","line":60,"loc":{"start":{"line":60,"column":25},"end":{"line":60,"column":72}},"locations":[{"start":{"line":60,"column":25},"end":{"line":60,"column":72}}]},"11":{"type":"branch","line":60,"loc":{"start":{"line":60,"column":59},"end":{"line":60,"column":86}},"locations":[{"start":{"line":60,"column":59},"end":{"line":60,"column":86}}]},"12":{"type":"branch","line":60,"loc":{"start":{"line":60,"column":72},"end":{"line":66,"column":37}},"locations":[{"start":{"line":60,"column":72},"end":{"line":66,"column":37}}]},"13":{"type":"branch","line":69,"loc":{"start":{"line":69,"column":49},"end":{"line":69,"column":102}},"locations":[{"start":{"line":69,"column":49},"end":{"line":69,"column":102}}]},"14":{"type":"branch","line":69,"loc":{"start":{"line":69,"column":85},"end":{"line":76,"column":37}},"locations":[{"start":{"line":69,"column":85},"end":{"line":76,"column":37}}]},"15":{"type":"branch","line":62,"loc":{"start":{"line":62,"column":41},"end":{"line":62,"column":73}},"locations":[{"start":{"line":62,"column":41},"end":{"line":62,"column":73}}]},"16":{"type":"branch","line":72,"loc":{"start":{"line":72,"column":41},"end":{"line":72,"column":72}},"locations":[{"start":{"line":72,"column":41},"end":{"line":72,"column":72}}]}},"b":{"0":[9],"1":[0],"2":[18],"3":[7],"4":[11],"5":[7],"6":[6],"7":[6],"8":[11],"9":[0],"10":[7],"11":[4],"12":[4],"13":[9],"14":[16],"15":[2],"16":[3]},"fnMap":{"0":{"name":"ReservationsList","decl":{"start":{"line":14,"column":65},"end":{"line":83,"column":2}},"loc":{"start":{"line":14,"column":65},"end":{"line":83,"column":2}},"line":14},"1":{"name":"onClick","decl":{"start":{"line":62,"column":41},"end":{"line":62,"column":73}},"loc":{"start":{"line":62,"column":41},"end":{"line":62,"column":73}},"line":62},"2":{"name":"onClick","decl":{"start":{"line":72,"column":41},"end":{"line":72,"column":72}},"loc":{"start":{"line":72,"column":41},"end":{"line":72,"column":72}},"line":72}},"f":{"0":9,"1":2,"2":3}}
,"/Users/mussa/Documents/Universidad/Ingenieria de Software III/ing-soft3-final/frontend/src/context/AuthContext.tsx": {"path":"/Users/mussa/Documents/Universidad/Ingenieria de Software III/ing-soft3-final/frontend/src/context/AuthContext.tsx","all":false,"statementMap":{"0":{"start":{"line":1,"column":0},"end":{"line":1,"column":82}},"10":{"start":{"line":11,"column":0},"end":{"line":11,"column":81}},"12":{"start":{"line":13,"column":0},"end":{"line":13,"column":82}},"13":{"start":{"line":14,"column":0},"end":{"line":14,"column":70}},"14":{"start":{"line":15,"column":0},"end":{"line":15,"column":53}},"16":{"start":{"line":17,"column":0},"end":{"line":17,"column":21}},"17":{"start":{"line":18,"column":0},"end":{"line":18,"column":63}},"18":{"start":{"line":19,"column":0},"end":{"line":19,"column":25}},"19":{"start":{"line":20,"column":0},"end":{"line":20,"column":17}},"20":{"start":{"line":21,"column":0},"end":{"line":21,"column":55}},"21":{"start":{"line":22,"column":0},"end":{"line":22,"column":25}},"22":{"start":{"line":23,"column":0},"end":{"line":23,"column":76}},"23":{"start":{"line":24,"column":0},"end":{"line":24,"column":55}},"24":{"start":{"line":25,"column":0},"end":{"line":25,"column":13}},"25":{"start":{"line":26,"column":0},"end":{"line":26,"column":9}},"26":{"start":{"line":27,"column":0},"end":{"line":27,"column":28}},"27":{"start":{"line":28,"column":0},"end":{"line":28,"column":11}},"29":{"start":{"line":30,"column":0},"end":{"line":30,"column":35}},"30":{"start":{"line":31,"column":0},"end":{"line":31,"column":29}},"31":{"start":{"line":32,"column":0},"end":{"line":32,"column":66}},"32":{"start":{"line":33,"column":0},"end":{"line":33,"column":6}},"34":{"start":{"line":35,"column":0},"end":{"line":35,"column":26}},"35":{"start":{"line":36,"column":0},"end":{"line":36,"column":29}},"36":{"start":{"line":37,"column":0},"end":{"line":37,"column":47}},"37":{"start":{"line":38,"column":0},"end":{"line":38,"column":6}},"39":{"start":{"line":40,"column":0},"end":{"line":40,"column":12}},"40":{"start":{"line":41,"column":0},"end":{"line":41,"column":80}},"41":{"start":{"line":42,"column":0},"end":{"line":42,"column":22}},"42":{"start":{"line":43,"column":0},"end":{"line":43,"column":31}},"44":{"start":{"line":45,"column":0},"end":{"line":45,"column":2}}},"s":{"0":1,"10":1,"12":1,"13":8,"14":8,"16":8,"17":3,"18":3,"19":1,"20":1,"21":1,"22":0,"23":0,"24":0,"25":1,"26":3,"27":8,"29":8,"30":1,"31":1,"32":1,"34":8,"35":1,"36":1,"37":1,"39":8,"40":8,"41":8,"42":8,"44":8},"branchMap":{"0":{"type":"branch","line":13,"loc":{"start":{"line":13,"column":63},"end":{"line":45,"column":2}},"locations":[{"start":{"line":13,"column":63},"end":{"line":45,"column":2}}]},"1":{"type":"branch","line":17,"loc":{"start":{"line":17,"column":14},"end":{"line":28,"column":7}},"locations":[{"start":{"line":17,"column":14},"end":{"line":28,"column":7}}]},"2":{"type":"branch","line":19,"loc":{"start":{"line":19,"column":24},"end":{"line":26,"column":9}},"locations":[{"start":{"line":19,"column":24},"end":{"line":26,"column":9}}]},"3":{"type":"branch","line":22,"loc":{"start":{"line":22,"column":12},"end":{"line":25,"column":13}},"locations":[{"start":{"line":22,"column":12},"end":{"line":25,"column":13}}]},"4":{"type":"branch","line":30,"loc":{"start":{"line":30,"column":18},"end":{"line":33,"column":6}},"locations":[{"start":{"line":30,"column":18},"end":{"line":33,"column":6}}]},"5":{"type":"branch","line":35,"loc":{"start":{"line":35,"column":19},"end":{"line":38,"column":6}},"locations":[{"start":{"line":35,"column":19},"end":{"line":38,"column":6}}]}},"b":{"0":[8],"1":[3],"2":[1],"3":[0],"4":[1],"5":[1]},"fnMap":{"0":{"name":"AuthProvider","decl":{"start":{"line":13,"column":63},"end":{"line":45,"column":2}},"loc":{"start":{"line":13,"column":63},"end":{"line":45,"column":2}},"line":13},"1":{"name":"login","decl":{"start":{"line":30,"column":18},"end":{"line":33,"column":6}},"loc":{"start":{"line":30,"column":18},"end":{"line":33,"column":6}},"line":30},"2":{"name":"logout","decl":{"start":{"line":35,"column":19},"end":{"line":38,"column":6}},"loc":{"start":{"line":35,"column":19},"end":{"line":38,"column":6}},"line":35}},"f":{"0":8,"1":1,"2":1}}
,"/Users/mussa/Documents/Universidad/Ingenieria de Software III/ing-soft3-final/frontend/src/hooks/useAuth.ts": {"path":"/Users/mussa/Documents/Universidad/Ingenieria de Software III/ing-soft3-final/frontend/src/hooks/useAuth.ts","all":false,"statementMap":{"0":{"start":{"line":1,"column":0},"end":{"line":1,"column":35}},"3":{"start":{"line":4,"column":0},"end":{"line":4,"column":30}},"4":{"start":{"line":5,"column":0},"end":{"line":5,"column":44}},"5":{"start":{"line":6,"column":0},"end":{"line":6,"column":32}},"6":{"start":{"line":7,"column":0},"end":{"line":7,"column":71}},"7":{"start":{"line":8,"column":0},"end":{"line":8,"column":5}},"8":{"start":{"line":9,"column":0},"end":{"line":9,"column":19}},"9":{"start":{"line":10,"column":0},"end":{"line":10,"column":2}}},"s":{"0":1,"3":1,"4":135,"5":135,"6":0,"7":0,"8":135,"9":135},"branchMap":{"0":{"type":"branch","line":4,"loc":{"start":{"line":4,"column":23},"end":{"line":10,"column":2}},"locations":[{"start":{"line":4,"column":23},"end":{"line":10,"column":2}}]},"1":{"type":"branch","line":6,"loc":{"start":{"line":6,"column":31},"end":{"line":8,"column":5}},"locations":[{"start":{"line":6,"column":31},"end":{"line":8,"column":5}}]}},"b":{"0":[135],"1":[0]},"fnMap":{"0":{"name":"useAuth","decl":{"start":{"line":4,"column":23},"end":{"line":10,"column":2}},"loc":{"start":{"line":4,"column":23},"end":{"line":10,"column":2}},"line":4}},"f":{"0":135}}
,"/Users/mussa/Documents/Universidad/Ingenieria de Software III/ing-soft3-final/frontend/src/pages/AdminReservationsPage.tsx": {"path":"/Users/mussa/Documents/Universidad/Ingenieria de Software III/ing-soft3-final/frontend/src/pages/AdminReservationsPage.tsx","all":false,"statementMap":{"0":{"start":{"line":1,"column":0},"end":{"line":1,"column":51}},"8":{"start":{"line":9,"column":0},"end":{"line":9,"column":54}},"9":{"start":{"line":10,"column":0},"end":{"line":10,"column":72}},"10":{"start":{"line":11,"column":0},"end":{"line":11,"column":53}},"11":{"start":{"line":12,"column":0},"end":{"line":12,"column":60}},"12":{"start":{"line":13,"column":0},"end":{"line":13,"column":89}},"14":{"start":{"line":15,"column":0},"end":{"line":15,"column":43}},"15":{"start":{"line":16,"column":0},"end":{"line":16,"column":27}},"16":{"start":{"line":17,"column":0},"end":{"line":17,"column":13}},"17":{"start":{"line":18,"column":0},"end":{"line":18,"column":80}},"18":{"start":{"line":19,"column":0},"end":{"line":19,"column":34}},"19":{"start":{"line":20,"column":0},"end":{"line":20,"column":23}},"20":{"start":{"line":21,"column":0},"end":{"line":21,"column":63}},"21":{"start":{"line":22,"column":0},"end":{"line":22,"column":19}},"22":{"start":{"line":23,"column":0},"end":{"line":23,"column":32}},"23":{"start":{"line":24,"column":0},"end":{"line":24,"column":9}},"24":{"start":{"line":25,"column":0},"end":{"line":25,"column":6}},"26":{"start":{"line":27,"column":0},"end":{"line":27,"column":21}},"27":{"start":{"line":28,"column":0},"end":{"line":28,"column":28}},"28":{"start":{"line":29,"column":0},"end":{"line":29,"column":35}},"30":{"start":{"line":31,"column":0},"end":{"line":31,"column":49}},"31":{"start":{"line":32,"column":0},"end":{"line":32,"column":13}},"32":{"start":{"line":33,"column":0},"end":{"line":33,"column":46}},"33":{"start":{"line":34,"column":0},"end":{"line":34,"column":32}},"34":{"start":{"line":35,"column":0},"end":{"line":35,"column":23}},"35":{"start":{"line":36,"column":0},"end":{"line":36,"column":64}},"36":{"start":{"line":37,"column":0},"end":{"line":37,"column":51}},"37":{"start":{"line":38,"column":0},"end":{"line":38,"column":9}},"38":{"start":{"line":39,"column":0},"end":{"line":39,"column":6}},"40":{"start":{"line":41,"column":0},"end":{"line":41,"column":48}},"41":{"start":{"line":42,"column":0},"end":{"line":42,"column":89}},"43":{"start":{"line":44,"column":0},"end":{"line":44,"column":13}},"44":{"start":{"line":45,"column":0},"end":{"line":45,"column":50}},"45":{"start":{"line":46,"column":0},"end":{"line":46,"column":32}},"46":{"start":{"line":47,"column":0},"end":{"line":47,"column":23}},"47":{"start":{"line":48,"column":0},"end":{"line":48,"column":63}},"48":{"start":{"line":49,"column":0},"end":{"line":49,"column":50}},"49":{"start":{"line":50,"column":0},"end":{"line":50,"column":9}},"50":{"start":{"line":51,"column":0},"end":{"line":51,"column":6}},"52":{"start":{"line":53,"column":0},"end":{"line":53,"column":12}},"53":{"start":{"line":54,"column":0},"end":{"line":54,"column":16}},"54":{"start":{"line":55,"column":0},"end":{"line":55,"column":77}},"55":{"start":{"line":56,"column":0},"end":{"line":56,"column":47}},"56":{"start":{"line":57,"column":0},"end":{"line":57,"column":65}},"57":{"start":{"line":58,"column":0},"end":{"line":58,"column":51}},"58":{"start":{"line":59,"column":0},"end":{"line":59,"column":30}},"59":{"start":{"line":60,"column":0},"end":{"line":60,"column":44}},"60":{"start":{"line":61,"column":0},"end":{"line":61,"column":39}},"61":{"start":{"line":62,"column":0},"end":{"line":62,"column":46}},"62":{"start":{"line":63,"column":0},"end":{"line":63,"column":75}},"63":{"start":{"line":64,"column":0},"end":{"line":64,"column":55}},"64":{"start":{"line":65,"column":0},"end":{"line":65,"column":26}},"65":{"start":{"line":66,"column":0},"end":{"line":66,"column":31}},"66":{"start":{"line":67,"column":0},"end":{"line":67,"column":48}},"67":{"start":{"line":68,"column":0},"end":{"line":68,"column":77}},"68":{"start":{"line":69,"column":0},"end":{"line":69,"column":53}},"70":{"start":{"line":71,"column":0},"end":{"line":71,"column":69}},"71":{"start":{"line":72,"column":0},"end":{"line":72,"column":68}},"72":{"start":{"line":73,"column":0},"end":{"line":73,"column":72}},"73":{"start":{"line":74,"column":0},"end":{"line":74,"column":72}},"74":{"start":{"line":75,"column":0},"end":{"line":75,"column":33}},"75":{"start":{"line":76,"column":0},"end":{"line":76,"column":26}},"76":{"start":{"line":77,"column":0},"end":{"line":77,"column":22}},"78":{"start":{"line":79,"column":0},"end":{"line":79,"column":30}},"79":{"start":{"line":80,"column":0},"end":{"line":80,"column":81}},"81":{"start":{"line":82,"column":0},"end":{"line":82,"column":37}},"82":{"start":{"line":83,"column":0},"end":{"line":83,"column":51}},"83":{"start":{"line":84,"column":0},"end":{"line":84,"column":47}},"84":{"start":{"line":85,"column":0},"end":{"line":85,"column":49}},"85":{"start":{"line":86,"column":0},"end":{"line":86,"column":38}},"86":{"start":{"line":87,"column":0},"end":{"line":87,"column":22}},"88":{"start":{"line":89,"column":0},"end":{"line":89,"column":18}},"89":{"start":{"line":90,"column":0},"end":{"line":90,"column":17}},"91":{"start":{"line":92,"column":0},"end":{"line":92,"column":2}}},"s":{"0":1,"8":1,"9":8,"10":8,"11":8,"12":8,"14":8,"15":5,"16":5,"17":5,"18":5,"19":5,"20":0,"21":5,"22":5,"23":5,"24":5,"26":8,"27":3,"28":8,"30":8,"31":1,"32":1,"33":1,"34":1,"35":0,"36":0,"37":0,"38":1,"40":8,"41":1,"43":1,"44":1,"45":1,"46":1,"47":0,"48":0,"49":0,"50":1,"52":8,"53":8,"54":8,"55":8,"56":8,"57":8,"58":8,"59":8,"60":8,"61":8,"62":8,"63":8,"64":8,"65":8,"66":8,"67":8,"68":8,"70":8,"71":8,"72":8,"73":8,"74":8,"75":8,"76":8,"78":8,"79":3,"81":5,"82":5,"83":5,"84":5,"85":5,"86":5,"88":8,"89":8,"91":8},"branchMap":{"0":{"type":"branch","line":9,"loc":{"start":{"line":9,"column":47},"end":{"line":92,"column":2}},"locations":[{"start":{"line":9,"column":47},"end":{"line":92,"column":2}}]},"1":{"type":"branch","line":79,"loc":{"start":{"line":79,"column":17},"end":{"line":80,"column":81}},"locations":[{"start":{"line":79,"column":17},"end":{"line":80,"column":81}}]},"2":{"type":"branch","line":80,"loc":{"start":{"line":80,"column":75},"end":{"line":87,"column":22}},"locations":[{"start":{"line":80,"column":75},"end":{"line":87,"column":22}}]},"3":{"type":"branch","line":15,"loc":{"start":{"line":15,"column":30},"end":{"line":25,"column":6}},"locations":[{"start":{"line":15,"column":30},"end":{"line":25,"column":6}}]},"4":{"type":"branch","line":20,"loc":{"start":{"line":20,"column":8},"end":{"line":22,"column":10}},"locations":[{"start":{"line":20,"column":8},"end":{"line":22,"column":10}}]},"5":{"type":"branch","line":27,"loc":{"start":{"line":27,"column":14},"end":{"line":29,"column":7}},"locations":[{"start":{"line":27,"column":14},"end":{"line":29,"column":7}}]},"6":{"type":"branch","line":31,"loc":{"start":{"line":31,"column":26},"end":{"line":39,"column":6}},"locations":[{"start":{"line":31,"column":26},"end":{"line":39,"column":6}}]},"7":{"type":"branch","line":35,"loc":{"start":{"line":35,"column":8},"end":{"line":38,"column":9}},"locations":[{"start":{"line":35,"column":8},"end":{"line":38,"column":9}}]},"8":{"type":"branch","line":41,"loc":{"start":{"line":41,"column":25},"end":{"line":51,"column":6}},"locations":[{"start":{"line":41,"column":25},"end":{"line":51,"column":6}}]},"9":{"type":"branch","line":42,"loc":{"start":{"line":42,"column":82},"end":{"line":42,"column":89}},"locations":[{"start":{"line":42,"column":82},"end":{"line":42,"column":89}}]},"10":{"type":"branch","line":47,"loc":{"start":{"line":47,"column":8},"end":{"line":50,"column":9}},"locations":[{"start":{"line":47,"column":8},"end":{"line":50,"column":9}}]}},"b":{"0":[8],"1":[3],"2":[5],"3":[5],"4":[0],"5":[3],"6":[1],"7":[0],"8":[1],"9":[0],"10":[0]},"fnMap":{"0":{"name":"AdminReservationsPage","decl":{"start":{"line":9,"column":47},"end":{"line":92,"column":2}},"loc":{"start":{"line":9,"column":47},"end":{"line":92,"column":2}},"line":9},"1":{"name":"fetchReservations","decl":{"start":{"line":15,"column":30},"end":{"line":25,"column":6}},"loc":{"start":{"line":15,"column":30},"end":{"line":25,"column":6}},"line":15},"2":{"name":"handleConfirm","decl":{"start":{"line":31,"column":26},"end":{"line":39,"column":6}},"loc":{"start":{"line":31,"column":26},"end":{"line":39,"column":6}},"line":31},"3":{"name":"handleCancel","decl":{"start":{"line":41,"column":25},"end":{"line":51,"column":6}},"loc":{"start":{"line":41,"column":25},"end":{"line":51,"column":6}},"line":41},"4":{"name":"onChange","decl":{"start":{"line":63,"column":38},"end":{"line":63,"column":75}},"loc":{"start":{"line":63,"column":38},"end":{"line":63,"column":75}},"line":63},"5":{"name":"onChange","decl":{"start":{"line":68,"column":38},"end":{"line":68,"column":77}},"loc":{"start":{"line":68,"column":38},"end":{"line":68,"column":77}},"line":68}},"f":{"0":8,"1":5,"2":1,"3":1,"4":0,"5":0}}
,"/Users/mussa/Documents/Universidad/Ingenieria de Software III/ing-soft3-final/frontend/src/pages/HomePage.tsx": {"path":"/Users/mussa/Documents/Universidad/Ingenieria de Software III/ing-soft3-final/frontend/src/pages/HomePage.tsx","all":false,"statementMap":{"0":{"start":{"line":1,"column":0},"end":{"line":1,"column":26}},"7":{"start":{"line":8,"column":0},"end":{"line":8,"column":41}},"8":{"start":{"line":9,"column":0},"end":{"line":9,"column":49}},"10":{"start":{"line":11,"column":0},"end":{"line":11,"column":48}},"12":{"start":{"line":13,"column":0},"end":{"line":13,"column":22}},"13":{"start":{"line":14,"column":0},"end":{"line":14,"column":104}},"14":{"start":{"line":15,"column":0},"end":{"line":15,"column":5}},"16":{"start":{"line":17,"column":0},"end":{"line":17,"column":12}},"17":{"start":{"line":18,"column":0},"end":{"line":18,"column":16}},"18":{"start":{"line":19,"column":0},"end":{"line":19,"column":128}},"20":{"start":{"line":21,"column":0},"end":{"line":21,"column":85}},"21":{"start":{"line":22,"column":0},"end":{"line":22,"column":24}},"22":{"start":{"line":23,"column":0},"end":{"line":23,"column":111}},"23":{"start":{"line":24,"column":0},"end":{"line":24,"column":41}},"24":{"start":{"line":25,"column":0},"end":{"line":25,"column":110}},"25":{"start":{"line":26,"column":0},"end":{"line":26,"column":22}},"26":{"start":{"line":27,"column":0},"end":{"line":27,"column":22}},"29":{"start":{"line":30,"column":0},"end":{"line":30,"column":29}},"30":{"start":{"line":31,"column":0},"end":{"line":31,"column":40}},"31":{"start":{"line":32,"column":0},"end":{"line":32,"column":38}},"32":{"start":{"line":33,"column":0},"end":{"line":33,"column":27}},"33":{"start":{"line":34,"column":0},"end":{"line":34,"column":19}},"34":{"start":{"line":35,"column":0},"end":{"line":35,"column":106}},"36":{"start":{"line":37,"column":0},"end":{"line":37,"column":25}},"37":{"start":{"line":38,"column":0},"end":{"line":38,"column":89}},"39":{"start":{"line":40,"column":0},"end":{"line":40,"column":30}},"40":{"start":{"line":41,"column":0},"end":{"line":41,"column":165}},"41":{"start":{"line":42,"column":0},"end":{"line":42,"column":24}},"43":{"start":{"line":44,"column":0},"end":{"line":44,"column":92}},"44":{"start":{"line":45,"column":0},"end":{"line":45,"column":42}},"45":{"start":{"line":46,"column":0},"end":{"line":46,"column":80}},"46":{"start":{"line":47,"column":0},"end":{"line":47,"column":31}},"47":{"start":{"line":48,"column":0},"end":{"line":48,"column":45}},"48":{"start":{"line":49,"column":0},"end":{"line":49,"column":103}},"49":{"start":{"line":50,"column":0},"end":{"line":50,"column":31}},"50":{"start":{"line":51,"column":0},"end":{"line":51,"column":26}},"51":{"start":{"line":52,"column":0},"end":{"line":52,"column":22}},"54":{"start":{"line":55,"column":0},"end":{"line":55,"column":85}},"55":{"start":{"line":56,"column":0},"end":{"line":56,"column":24}},"56":{"start":{"line":57,"column":0},"end":{"line":57,"column":77}},"57":{"start":{"line":58,"column":0},"end":{"line":58,"column":48}},"58":{"start":{"line":59,"column":0},"end":{"line":59,"column":110}},"59":{"start":{"line":60,"column":0},"end":{"line":60,"column":22}},"60":{"start":{"line":61,"column":0},"end":{"line":61,"column":22}},"61":{"start":{"line":62,"column":0},"end":{"line":62,"column":18}},"62":{"start":{"line":63,"column":0},"end":{"line":63,"column":17}},"64":{"start":{"line":65,"column":0},"end":{"line":65,"column":2}}},"s":{"0":1,"7":1,"8":3,"10":3,"12":3,"13":2,"14":2,"16":1,"17":1,"18":1,"20":1,"21":1,"22":1,"23":1,"24":1,"25":1,"26":1,"29":1,"30":1,"31":1,"32":1,"33":1,"34":1,"36":1,"37":1,"39":1,"40":1,"41":1,"43":1,"44":1,"45":1,"46":1,"47":1,"48":1,"49":1,"50":1,"51":1,"54":1,"55":1,"56":1,"57":1,"58":1,"59":1,"60":1,"61":1,"62":1,"64":1},"branchMap":{"0":{"type":"branch","line":8,"loc":{"start":{"line":8,"column":34},"end":{"line":65,"column":2}},"locations":[{"start":{"line":8,"column":34},"end":{"line":65,"column":2}}]},"1":{"type":"branch","line":11,"loc":{"start":{"line":11,"column":19},"end":{"line":11,"column":48}},"locations":[{"start":{"line":11,"column":19},"end":{"line":11,"column":48}}]},"2":{"type":"branch","line":13,"loc":{"start":{"line":13,"column":21},"end":{"line":15,"column":5}},"locations":[{"start":{"line":13,"column":21},"end":{"line":15,"column":5}}]},"3":{"type":"branch","line":14,"loc":{"start":{"line":14,"column":41},"end":{"line":14,"column":76}},"locations":[{"start":{"line":14,"column":41},"end":{"line":14,"column":76}}]},"4":{"type":"branch","line":14,"loc":{"start":{"line":14,"column":52},"end":{"line":14,"column":93}},"locations":[{"start":{"line":14,"column":52},"end":{"line":14,"column":93}}]},"5":{"type":"branch","line":15,"loc":{"start":{"line":15,"column":4},"end":{"line":65,"column":2}},"locations":[{"start":{"line":15,"column":4},"end":{"line":65,"column":2}}]}},"b":{"0":[3],"1":[0],"2":[2],"3":[1],"4":[1],"5":[1]},"fnMap":{"0":{"name":"HomePage","decl":{"start":{"line":8,"column":34},"end":{"line":65,"column":2}},"loc":{"start":{"line":8,"column":34},"end":{"line":65,"column":2}},"line":8}},"f":{"0":3}}
,"/Users/mussa/Documents/Universidad/Ingenieria de Software III/ing-soft3-final/frontend/src/pages/LoginPage.tsx": {"path":"/Users/mussa/Documents/Universidad/Ingenieria de Software III/ing-soft3-final/frontend/src/pages/LoginPage.tsx","all":false,"statementMap":{"0":{"start":{"line":1,"column":0},"end":{"line":1,"column":40}},"9":{"start":{"line":10,"column":0},"end":{"line":10,"column":42}},"10":{"start":{"line":11,"column":0},"end":{"line":11,"column":43}},"11":{"start":{"line":12,"column":0},"end":{"line":12,"column":49}},"12":{"start":{"line":13,"column":0},"end":{"line":13,"column":43}},"13":{"start":{"line":14,"column":0},"end":{"line":14,"column":54}},"15":{"start":{"line":16,"column":0},"end":{"line":16,"column":32}},"16":{"start":{"line":17,"column":0},"end":{"line":17,"column":35}},"18":{"start":{"line":19,"column":0},"end":{"line":19,"column":56}},"19":{"start":{"line":20,"column":0},"end":{"line":20,"column":27}},"20":{"start":{"line":21,"column":0},"end":{"line":21,"column":21}},"21":{"start":{"line":22,"column":0},"end":{"line":22,"column":27}},"23":{"start":{"line":24,"column":0},"end":{"line":24,"column":13}},"24":{"start":{"line":25,"column":0},"end":{"line":25,"column":66}},"25":{"start":{"line":26,"column":0},"end":{"line":26,"column":24}},"26":{"start":{"line":27,"column":0},"end":{"line":27,"column":78}},"27":{"start":{"line":28,"column":0},"end":{"line":28,"column":23}},"28":{"start":{"line":29,"column":0},"end":{"line":29,"column":63}},"29":{"start":{"line":30,"column":0},"end":{"line":30,"column":19}},"30":{"start":{"line":31,"column":0},"end":{"line":31,"column":32}},"31":{"start":{"line":32,"column":0},"end":{"line":32,"column":9}},"32":{"start":{"line":33,"column":0},"end":{"line":33,"column":6}},"34":{"start":{"line":35,"column":0},"end":{"line":35,"column":12}},"35":{"start":{"line":36,"column":0},"end":{"line":36,"column":16}},"36":{"start":{"line":37,"column":0},"end":{"line":37,"column":139}},"38":{"start":{"line":39,"column":0},"end":{"line":39,"column":100}},"39":{"start":{"line":40,"column":0},"end":{"line":40,"column":24}},"40":{"start":{"line":41,"column":0},"end":{"line":41,"column":117}},"41":{"start":{"line":42,"column":0},"end":{"line":42,"column":41}},"42":{"start":{"line":43,"column":0},"end":{"line":43,"column":110}},"43":{"start":{"line":44,"column":0},"end":{"line":44,"column":22}},"44":{"start":{"line":45,"column":0},"end":{"line":45,"column":22}},"46":{"start":{"line":47,"column":0},"end":{"line":47,"column":87}},"47":{"start":{"line":48,"column":0},"end":{"line":48,"column":66}},"48":{"start":{"line":49,"column":0},"end":{"line":49,"column":90}},"50":{"start":{"line":51,"column":0},"end":{"line":51,"column":50}},"51":{"start":{"line":52,"column":0},"end":{"line":52,"column":30}},"52":{"start":{"line":53,"column":0},"end":{"line":53,"column":38}},"53":{"start":{"line":54,"column":0},"end":{"line":54,"column":40}},"54":{"start":{"line":55,"column":0},"end":{"line":55,"column":41}},"55":{"start":{"line":56,"column":0},"end":{"line":56,"column":40}},"56":{"start":{"line":57,"column":0},"end":{"line":57,"column":41}},"57":{"start":{"line":58,"column":0},"end":{"line":58,"column":70}},"58":{"start":{"line":59,"column":0},"end":{"line":59,"column":36}},"59":{"start":{"line":60,"column":0},"end":{"line":60,"column":37}},"60":{"start":{"line":61,"column":0},"end":{"line":61,"column":26}},"61":{"start":{"line":62,"column":0},"end":{"line":62,"column":30}},"62":{"start":{"line":63,"column":0},"end":{"line":63,"column":41}},"63":{"start":{"line":64,"column":0},"end":{"line":64,"column":43}},"64":{"start":{"line":65,"column":0},"end":{"line":65,"column":44}},"65":{"start":{"line":66,"column":0},"end":{"line":66,"column":43}},"66":{"start":{"line":67,"column":0},"end":{"line":67,"column":44}},"67":{"start":{"line":68,"column":0},"end":{"line":68,"column":73}},"68":{"start":{"line":69,"column":0},"end":{"line":69,"column":36}},"69":{"start":{"line":70,"column":0},"end":{"line":70,"column":37}},"70":{"start":{"line":71,"column":0},"end":{"line":71,"column":26}},"72":{"start":{"line":73,"column":0},"end":{"line":73,"column":85}},"74":{"start":{"line":75,"column":0},"end":{"line":75,"column":107}},"75":{"start":{"line":76,"column":0},"end":{"line":76,"column":69}},"76":{"start":{"line":77,"column":0},"end":{"line":77,"column":33}},"77":{"start":{"line":78,"column":0},"end":{"line":78,"column":27}},"79":{"start":{"line":80,"column":0},"end":{"line":80,"column":51}},"80":{"start":{"line":81,"column":0},"end":{"line":81,"column":85}},"81":{"start":{"line":82,"column":0},"end":{"line":82,"column":26}},"82":{"start":{"line":83,"column":0},"end":{"line":83,"column":22}},"85":{"start":{"line":86,"column":0},"end":{"line":86,"column":100}},"86":{"start":{"line":87,"column":0},"end":{"line":87,"column":24}},"87":{"start":{"line":88,"column":0},"end":{"line":88,"column":109}},"88":{"start":{"line":89,"column":0},"end":{"line":89,"column":48}},"89":{"start":{"line":90,"column":0},"end":{"line":90,"column":110}},"90":{"start":{"line":91,"column":0},"end":{"line":91,"column":22}},"91":{"start":{"line":92,"column":0},"end":{"line":92,"column":22}},"92":{"start":{"line":93,"column":0},"end":{"line":93,"column":18}},"93":{"start":{"line":94,"column":0},"end":{"line":94,"column":17}},"95":{"start":{"line":96,"column":0},"end":{"line":96,"column":2}}},"s":{"0":1,"9":1,"10":16,"11":16,"12":16,"13":16,"15":16,"16":16,"18":16,"19":3,"20":3,"21":3,"23":3,"24":3,"25":2,"26":3,"27":3,"28":1,"29":3,"30":3,"31":3,"32":3,"34":16,"35":16,"36":16,"38":16,"39":16,"40":16,"41":16,"42":16,"43":16,"44":16,"46":16,"47":16,"48":16,"50":16,"51":16,"52":16,"53":16,"54":16,"55":16,"56":16,"57":16,"58":16,"59":16,"60":16,"61":16,"62":16,"63":16,"64":16,"65":16,"66":16,"67":16,"68":16,"69":16,"70":16,"72":16,"74":16,"75":16,"76":16,"77":16,"79":16,"80":16,"81":16,"82":16,"85":16,"86":16,"87":16,"88":16,"89":16,"90":16,"91":16,"92":16,"93":16,"95":16},"branchMap":{"0":{"type":"branch","line":10,"loc":{"start":{"line":10,"column":35},"end":{"line":96,"column":2}},"locations":[{"start":{"line":10,"column":35},"end":{"line":96,"column":2}}]},"1":{"type":"branch","line":73,"loc":{"start":{"line":73,"column":25},"end":{"line":73,"column":85}},"locations":[{"start":{"line":73,"column":25},"end":{"line":73,"column":85}}]},"2":{"type":"branch","line":76,"loc":{"start":{"line":76,"column":29},"end":{"line":76,"column":59}},"locations":[{"start":{"line":76,"column":29},"end":{"line":76,"column":59}}]},"3":{"type":"branch","line":76,"loc":{"start":{"line":76,"column":41},"end":{"line":76,"column":69}},"locations":[{"start":{"line":76,"column":41},"end":{"line":76,"column":69}}]},"4":{"type":"branch","line":19,"loc":{"start":{"line":19,"column":25},"end":{"line":33,"column":6}},"locations":[{"start":{"line":19,"column":25},"end":{"line":33,"column":6}}]},"5":{"type":"branch","line":25,"loc":{"start":{"line":25,"column":64},"end":{"line":27,"column":37}},"locations":[{"start":{"line":25,"column":64},"end":{"line":27,"column":37}}]},"6":{"type":"branch","line":27,"loc":{"start":{"line":27,"column":26},"end":{"line":27,"column":61}},"locations":[{"start":{"line":27,"column":26},"end":{"line":27,"column":61}}]},"7":{"type":"branch","line":27,"loc":{"start":{"line":27,"column":37},"end":{"line":27,"column":76}},"locations":[{"start":{"line":27,"column":37},"end":{"line":27,"column":76}}]},"8":{"type":"branch","line":28,"loc":{"start":{"line":28,"column":8},"end":{"line":30,"column":10}},"locations":[{"start":{"line":28,"column":8},"end":{"line":30,"column":10}}]},"9":{"type":"branch","line":58,"loc":{"start":{"line":58,"column":38},"end":{"line":58,"column":70}},"locations":[{"start":{"line":58,"column":38},"end":{"line":58,"column":70}}]},"10":{"type":"branch","line":68,"loc":{"start":{"line":68,"column":38},"end":{"line":68,"column":73}},"locations":[{"start":{"line":68,"column":38},"end":{"line":68,"column":73}}]}},"b":{"0":[16],"1":[1],"2":[3],"3":[13],"4":[3],"5":[2],"6":[1],"7":[1],"8":[1],"9":[3],"10":[3]},"fnMap":{"0":{"name":"LoginPage","decl":{"start":{"line":10,"column":35},"end":{"line":96,"column":2}},"loc":{"start":{"line":10,"column":35},"end":{"line":96,"column":2}},"line":10},"1":{"name":"handleSubmit","decl":{"start":{"line":19,"column":25},"end":{"line":33,"column":6}},"loc":{"start":{"line":19,"column":25},"end":{"line":33,"column":6}},"line":19},"2":{"name":"onChange","decl":{"start":{"line":58,"column":38},"end":{"line":58,"column":70}},"loc":{"start":{"line":58,"column":38},"end":{"line":58,"column":70}},"line":58},"3":{"name":"onChange","decl":{"start":{"line":68,"column":38},"end":{"line":68,"column":73}},"loc":{"start":{"line":68,"column":38},"end":{"line":68,"column":73}},"line":68}},"f":{"0":16,"1":3,"2":3,"3":3}}
,"/Users/mussa/Documents/Universidad/Ingenieria de Software III/ing-soft3-final/frontend/src/pages/MyReservationsPage.tsx": {"path":"/Users/mussa/Documents/Universidad/Ingenieria de Software III/ing-soft3-final/frontend/src/pages/MyReservationsPage.tsx","all":false,"statementMap":{"0":{"start":{"line":1,"column":0},"end":{"line":1,"column":51}},"7":{"start":{"line":8,"column":0},"end":{"line":8,"column":51}},"8":{"start":{"line":9,"column":0},"end":{"line":9,"column":72}},"9":{"start":{"line":10,"column":0},"end":{"line":10,"column":53}},"10":{"start":{"line":11,"column":0},"end":{"line":11,"column":48}},"12":{"start":{"line":13,"column":0},"end":{"line":13,"column":43}},"13":{"start":{"line":14,"column":0},"end":{"line":14,"column":27}},"14":{"start":{"line":15,"column":0},"end":{"line":15,"column":13}},"15":{"start":{"line":16,"column":0},"end":{"line":16,"column":73}},"16":{"start":{"line":17,"column":0},"end":{"line":17,"column":34}},"17":{"start":{"line":18,"column":0},"end":{"line":18,"column":23}},"18":{"start":{"line":19,"column":0},"end":{"line":19,"column":63}},"19":{"start":{"line":20,"column":0},"end":{"line":20,"column":19}},"20":{"start":{"line":21,"column":0},"end":{"line":21,"column":32}},"21":{"start":{"line":22,"column":0},"end":{"line":22,"column":9}},"22":{"start":{"line":23,"column":0},"end":{"line":23,"column":6}},"24":{"start":{"line":25,"column":0},"end":{"line":25,"column":21}},"25":{"start":{"line":26,"column":0},"end":{"line":26,"column":28}},"26":{"start":{"line":27,"column":0},"end":{"line":27,"column":17}},"28":{"start":{"line":29,"column":0},"end":{"line":29,"column":48}},"29":{"start":{"line":30,"column":0},"end":{"line":30,"column":89}},"31":{"start":{"line":32,"column":0},"end":{"line":32,"column":13}},"32":{"start":{"line":33,"column":0},"end":{"line":33,"column":45}},"33":{"start":{"line":34,"column":0},"end":{"line":34,"column":32}},"34":{"start":{"line":35,"column":0},"end":{"line":35,"column":23}},"35":{"start":{"line":36,"column":0},"end":{"line":36,"column":63}},"36":{"start":{"line":37,"column":0},"end":{"line":37,"column":50}},"37":{"start":{"line":38,"column":0},"end":{"line":38,"column":9}},"38":{"start":{"line":39,"column":0},"end":{"line":39,"column":6}},"40":{"start":{"line":41,"column":0},"end":{"line":41,"column":12}},"41":{"start":{"line":42,"column":0},"end":{"line":42,"column":16}},"42":{"start":{"line":43,"column":0},"end":{"line":43,"column":46}},"43":{"start":{"line":44,"column":0},"end":{"line":44,"column":47}},"44":{"start":{"line":45,"column":0},"end":{"line":45,"column":69}},"45":{"start":{"line":46,"column":0},"end":{"line":46,"column":51}},"46":{"start":{"line":47,"column":0},"end":{"line":47,"column":70}},"47":{"start":{"line":48,"column":0},"end":{"line":48,"column":31}},"48":{"start":{"line":49,"column":0},"end":{"line":49,"column":46}},"49":{"start":{"line":50,"column":0},"end":{"line":50,"column":42}},"50":{"start":{"line":51,"column":0},"end":{"line":51,"column":71}},"51":{"start":{"line":52,"column":0},"end":{"line":52,"column":53}},"53":{"start":{"line":54,"column":0},"end":{"line":54,"column":60}},"54":{"start":{"line":55,"column":0},"end":{"line":55,"column":68}},"55":{"start":{"line":56,"column":0},"end":{"line":56,"column":72}},"56":{"start":{"line":57,"column":0},"end":{"line":57,"column":72}},"57":{"start":{"line":58,"column":0},"end":{"line":58,"column":33}},"58":{"start":{"line":59,"column":0},"end":{"line":59,"column":26}},"59":{"start":{"line":60,"column":0},"end":{"line":60,"column":22}},"61":{"start":{"line":62,"column":0},"end":{"line":62,"column":30}},"62":{"start":{"line":63,"column":0},"end":{"line":63,"column":81}},"64":{"start":{"line":65,"column":0},"end":{"line":65,"column":37}},"65":{"start":{"line":66,"column":0},"end":{"line":66,"column":51}},"66":{"start":{"line":67,"column":0},"end":{"line":67,"column":47}},"67":{"start":{"line":68,"column":0},"end":{"line":68,"column":22}},"69":{"start":{"line":70,"column":0},"end":{"line":70,"column":18}},"70":{"start":{"line":71,"column":0},"end":{"line":71,"column":17}},"72":{"start":{"line":73,"column":0},"end":{"line":73,"column":2}}},"s":{"0":1,"7":1,"8":5,"9":5,"10":5,"12":5,"13":3,"14":3,"15":3,"16":3,"17":3,"18":0,"19":3,"20":3,"21":3,"22":3,"24":5,"25":2,"26":5,"28":5,"29":1,"31":1,"32":1,"33":1,"34":1,"35":0,"36":0,"37":0,"38":1,"40":5,"41":5,"42":5,"43":5,"44":5,"45":5,"46":5,"47":5,"48":5,"49":5,"50":5,"51":5,"53":5,"54":5,"55":5,"56":5,"57":5,"58":5,"59":5,"61":5,"62":2,"64":3,"65":3,"66":3,"67":3,"69":5,"70":5,"72":5},"branchMap":{"0":{"type":"branch","line":8,"loc":{"start":{"line":8,"column":44},"end":{"line":73,"column":2}},"locations":[{"start":{"line":8,"column":44},"end":{"line":73,"column":2}}]},"1":{"type":"branch","line":62,"loc":{"start":{"line":62,"column":17},"end":{"line":63,"column":81}},"locations":[{"start":{"line":62,"column":17},"end":{"line":63,"column":81}}]},"2":{"type":"branch","line":63,"loc":{"start":{"line":63,"column":75},"end":{"line":68,"column":22}},"locations":[{"start":{"line":63,"column":75},"end":{"line":68,"column":22}}]},"3":{"type":"branch","line":13,"loc":{"start":{"line":13,"column":30},"end":{"line":23,"column":6}},"locations":[{"start":{"line":13,"column":30},"end":{"line":23,"column":6}}]},"4":{"type":"branch","line":18,"loc":{"start":{"line":18,"column":8},"end":{"line":20,"column":10}},"locations":[{"start":{"line":18,"column":8},"end":{"line":20,"column":10}}]},"5":{"type":"branch","line":25,"loc":{"start":{"line":25,"column":14},"end":{"line":27,"column":7}},"locations":[{"start":{"line":25,"column":14},"end":{"line":27,"column":7}}]},"6":{"type":"branch","line":29,"loc":{"start":{"line":29,"column":25},"end":{"line":39,"column":6}},"locations":[{"start":{"line":29,"column":25},"end":{"line":39,"column":6}}]},"7":{"type":"branch","line":30,"loc":{"start":{"line":30,"column":82},"end":{"line":30,"column":89}},"locations":[{"start":{"line":30,"column":82},"end":{"line":30,"column":89}}]},"8":{"type":"branch","line":35,"loc":{"start":{"line":35,"column":8},"end":{"line":38,"column":9}},"locations":[{"start":{"line":35,"column":8},"end":{"line":38,"column":9}}]}},"b":{"0":[5],"1":[2],"2":[3],"3":[3],"4":[0],"5":[2],"6":[1],"7":[0],"8":[0]},"fnMap":{"0":{"name":"MyReservationsPage","decl":{"start":{"line":8,"column":44},"end":{"line":73,"column":2}},"loc":{"start":{"line":8,"column":44},"end":{"line":73,"column":2}},"line":8},"1":{"name":"fetchReservations","decl":{"start":{"line":13,"column":30},"end":{"line":23,"column":6}},"loc":{"start":{"line":13,"column":30},"end":{"line":23,"column":6}},"line":13},"2":{"name":"handleCancel","decl":{"start":{"line":29,"column":25},"end":{"line":39,"column":6}},"loc":{"start":{"line":29,"column":25},"end":{"line":39,"column":6}},"line":29},"3":{"name":"onChange","decl":{"start":{"line":51,"column":38},"end":{"line":51,"column":71}},"loc":{"start":{"line":51,"column":38},"end":{"line":51,"column":71}},"line":51}},"f":{"0":5,"1":3,"2":1,"3":0}}
,"/Users/mussa/Documents/Universidad/Ingenieria de Software III/ing-soft3-final/frontend/src/pages/NewReservationPage.tsx": {"path":"/Users/mussa/Documents/Universidad/Ingenieria de Software III/ing-soft3-final/frontend/src/pages/NewReservationPage.tsx","all":false,"statementMap":{"0":{"start":{"line":1,"column":0},"end":{"line":1,"column":40}},"8":{"start":{"line":9,"column":0},"end":{"line":9,"column":51}},"9":{"start":{"line":10,"column":0},"end":{"line":10,"column":41}},"10":{"start":{"line":11,"column":0},"end":{"line":11,"column":41}},"11":{"start":{"line":12,"column":0},"end":{"line":12,"column":44}},"12":{"start":{"line":13,"column":0},"end":{"line":13,"column":47}},"13":{"start":{"line":14,"column":0},"end":{"line":14,"column":43}},"14":{"start":{"line":15,"column":0},"end":{"line":15,"column":54}},"16":{"start":{"line":17,"column":0},"end":{"line":17,"column":35}},"18":{"start":{"line":19,"column":0},"end":{"line":19,"column":56}},"19":{"start":{"line":20,"column":0},"end":{"line":20,"column":27}},"20":{"start":{"line":21,"column":0},"end":{"line":21,"column":76}},"21":{"start":{"line":22,"column":0},"end":{"line":22,"column":21}},"23":{"start":{"line":24,"column":0},"end":{"line":24,"column":26}},"24":{"start":{"line":25,"column":0},"end":{"line":25,"column":64}},"25":{"start":{"line":26,"column":0},"end":{"line":26,"column":19}},"26":{"start":{"line":27,"column":0},"end":{"line":27,"column":9}},"28":{"start":{"line":29,"column":0},"end":{"line":29,"column":27}},"30":{"start":{"line":31,"column":0},"end":{"line":31,"column":13}},"31":{"start":{"line":32,"column":0},"end":{"line":32,"column":74}},"32":{"start":{"line":33,"column":0},"end":{"line":33,"column":38}},"33":{"start":{"line":34,"column":0},"end":{"line":34,"column":28}},"34":{"start":{"line":35,"column":0},"end":{"line":35,"column":103}},"35":{"start":{"line":36,"column":0},"end":{"line":36,"column":19}},"36":{"start":{"line":37,"column":0},"end":{"line":37,"column":32}},"37":{"start":{"line":38,"column":0},"end":{"line":38,"column":9}},"38":{"start":{"line":39,"column":0},"end":{"line":39,"column":6}},"41":{"start":{"line":42,"column":0},"end":{"line":42,"column":57}},"43":{"start":{"line":44,"column":0},"end":{"line":44,"column":12}},"44":{"start":{"line":45,"column":0},"end":{"line":45,"column":16}},"45":{"start":{"line":46,"column":0},"end":{"line":46,"column":46}},"46":{"start":{"line":47,"column":0},"end":{"line":47,"column":45}},"47":{"start":{"line":48,"column":0},"end":{"line":48,"column":69}},"48":{"start":{"line":49,"column":0},"end":{"line":49,"column":78}},"50":{"start":{"line":51,"column":0},"end":{"line":51,"column":61}},"51":{"start":{"line":52,"column":0},"end":{"line":52,"column":52}},"52":{"start":{"line":53,"column":0},"end":{"line":53,"column":34}},"53":{"start":{"line":54,"column":0},"end":{"line":54,"column":41}},"54":{"start":{"line":55,"column":0},"end":{"line":55,"column":44}},"55":{"start":{"line":56,"column":0},"end":{"line":56,"column":43}},"56":{"start":{"line":57,"column":0},"end":{"line":57,"column":44}},"57":{"start":{"line":58,"column":0},"end":{"line":58,"column":43}},"58":{"start":{"line":59,"column":0},"end":{"line":59,"column":73}},"59":{"start":{"line":60,"column":0},"end":{"line":60,"column":40}},"60":{"start":{"line":61,"column":0},"end":{"line":61,"column":41}},"61":{"start":{"line":62,"column":0},"end":{"line":62,"column":30}},"62":{"start":{"line":63,"column":0},"end":{"line":63,"column":34}},"63":{"start":{"line":64,"column":0},"end":{"line":64,"column":41}},"64":{"start":{"line":65,"column":0},"end":{"line":65,"column":44}},"65":{"start":{"line":66,"column":0},"end":{"line":66,"column":43}},"66":{"start":{"line":67,"column":0},"end":{"line":67,"column":44}},"67":{"start":{"line":68,"column":0},"end":{"line":68,"column":73}},"68":{"start":{"line":69,"column":0},"end":{"line":69,"column":40}},"69":{"start":{"line":70,"column":0},"end":{"line":70,"column":41}},"70":{"start":{"line":71,"column":0},"end":{"line":71,"column":30}},"71":{"start":{"line":72,"column":0},"end":{"line":72,"column":30}},"73":{"start":{"line":74,"column":0},"end":{"line":74,"column":30}},"74":{"start":{"line":75,"column":0},"end":{"line":75,"column":39}},"75":{"start":{"line":76,"column":0},"end":{"line":76,"column":52}},"76":{"start":{"line":77,"column":0},"end":{"line":77,"column":41}},"77":{"start":{"line":78,"column":0},"end":{"line":78,"column":35}},"78":{"start":{"line":79,"column":0},"end":{"line":79,"column":42}},"79":{"start":{"line":80,"column":0},"end":{"line":80,"column":81}},"80":{"start":{"line":81,"column":0},"end":{"line":81,"column":36}},"81":{"start":{"line":82,"column":0},"end":{"line":82,"column":37}},"82":{"start":{"line":83,"column":0},"end":{"line":83,"column":26}},"84":{"start":{"line":85,"column":0},"end":{"line":85,"column":58}},"85":{"start":{"line":86,"column":0},"end":{"line":86,"column":113}},"86":{"start":{"line":87,"column":0},"end":{"line":87,"column":37}},"87":{"start":{"line":88,"column":0},"end":{"line":88,"column":44}},"88":{"start":{"line":89,"column":0},"end":{"line":89,"column":59}},"89":{"start":{"line":90,"column":0},"end":{"line":90,"column":47}},"90":{"start":{"line":91,"column":0},"end":{"line":91,"column":76}},"91":{"start":{"line":92,"column":0},"end":{"line":92,"column":40}},"92":{"start":{"line":93,"column":0},"end":{"line":93,"column":30}},"93":{"start":{"line":94,"column":0},"end":{"line":94,"column":30}},"95":{"start":{"line":96,"column":0},"end":{"line":96,"column":85}},"97":{"start":{"line":98,"column":0},"end":{"line":98,"column":107}},"98":{"start":{"line":99,"column":0},"end":{"line":99,"column":78}},"99":{"start":{"line":100,"column":0},"end":{"line":100,"column":33}},"100":{"start":{"line":101,"column":0},"end":{"line":101,"column":27}},"101":{"start":{"line":102,"column":0},"end":{"line":102,"column":22}},"102":{"start":{"line":103,"column":0},"end":{"line":103,"column":18}},"103":{"start":{"line":104,"column":0},"end":{"line":104,"column":17}},"105":{"start":{"line":106,"column":0},"end":{"line":106,"column":2}}},"s":{"0":1,"8":1,"9":12,"10":12,"11":12,"12":12,"13":12,"14":12,"16":12,"18":12,"19":2,"20":2,"21":2,"23":2,"24":1,"25":1,"26":1,"28":1,"30":1,"31":1,"32":1,"33":2,"34":0,"35":2,"36":1,"37":1,"38":2,"41":12,"43":12,"44":12,"45":12,"46":12,"47":12,"48":12,"50":12,"51":12,"52":12,"53":12,"54":12,"55":12,"56":12,"57":12,"58":12,"59":12,"60":12,"61":12,"62":12,"63":12,"64":12,"65":12,"66":12,"67":12,"68":12,"69":12,"70":12,"71":12,"73":12,"74":12,"75":12,"76":12,"77":12,"78":12,"79":12,"80":12,"81":12,"82":12,"84":12,"85":12,"86":12,"87":12,"88":12,"89":12,"90":12,"91":12,"92":12,"93":12,"95":12,"97":12,"98":12,"99":12,"100":12,"101":12,"102":12,"103":12,"105":12},"branchMap":{"0":{"type":"branch","line":9,"loc":{"start":{"line":9,"column":44},"end":{"line":106,"column":2}},"locations":[{"start":{"line":9,"column":44},"end":{"line":106,"column":2}}]},"1":{"type":"branch","line":96,"loc":{"start":{"line":96,"column":25},"end":{"line":96,"column":85}},"locations":[{"start":{"line":96,"column":25},"end":{"line":96,"column":85}}]},"2":{"type":"branch","line":99,"loc":{"start":{"line":99,"column":29},"end":{"line":99,"column":56}},"locations":[{"start":{"line":99,"column":29},"end":{"line":99,"column":56}}]},"3":{"type":"branch","line":99,"loc":{"start":{"line":99,"column":41},"end":{"line":99,"column":78}},"locations":[{"start":{"line":99,"column":41},"end":{"line":99,"column":78}}]},"4":{"type":"branch","line":19,"loc":{"start":{"line":19,"column":25},"end":{"line":39,"column":6}},"locations":[{"start":{"line":19,"column":25},"end":{"line":39,"column":6}}]},"5":{"type":"branch","line":24,"loc":{"start":{"line":24,"column":25},"end":{"line":34,"column":17}},"locations":[{"start":{"line":24,"column":25},"end":{"line":34,"column":17}}]},"6":{"type":"branch","line":34,"loc":{"start":{"line":34,"column":8},"end":{"line":36,"column":10}},"locations":[{"start":{"line":34,"column":8},"end":{"line":36,"column":10}}]},"7":{"type":"branch","line":36,"loc":{"start":{"line":36,"column":8},"end":{"line":38,"column":9}},"locations":[{"start":{"line":36,"column":8},"end":{"line":38,"column":9}}]},"8":{"type":"branch","line":59,"loc":{"start":{"line":59,"column":42},"end":{"line":59,"column":73}},"locations":[{"start":{"line":59,"column":42},"end":{"line":59,"column":73}}]},"9":{"type":"branch","line":68,"loc":{"start":{"line":68,"column":42},"end":{"line":68,"column":73}},"locations":[{"start":{"line":68,"column":42},"end":{"line":68,"column":73}}]},"10":{"type":"branch","line":80,"loc":{"start":{"line":80,"column":38},"end":{"line":80,"column":81}},"locations":[{"start":{"line":80,"column":38},"end":{"line":80,"column":81}}]}},"b":{"0":[12],"1":[1],"2":[1],"3":[11],"4":[2],"5":[1],"6":[0],"7":[1],"8":[1],"9":[1],"10":[4]},"fnMap":{"0":{"name":"NewReservationPage","decl":{"start":{"line":9,"column":44},"end":{"line":106,"column":2}},"loc":{"start":{"line":9,"column":44},"end":{"line":106,"column":2}},"line":9},"1":{"name":"handleSubmit","decl":{"start":{"line":19,"column":25},"end":{"line":39,"column":6}},"loc":{"start":{"line":19,"column":25},"end":{"line":39,"column":6}},"line":19},"2":{"name":"onChange","decl":{"start":{"line":59,"column":42},"end":{"line":59,"column":73}},"loc":{"start":{"line":59,"column":42},"end":{"line":59,"column":73}},"line":59},"3":{"name":"onChange","decl":{"start":{"line":68,"column":42},"end":{"line":68,"column":73}},"loc":{"start":{"line":68,"column":42},"end":{"line":68,"column":73}},"line":68},"4":{"name":"onChange","decl":{"start":{"line":80,"column":38},"end":{"line":80,"column":81}},"loc":{"start":{"line":80,"column":38},"end":{"line":80,"column":81}},"line":80},"5":{"name":"onChange","decl":{"start":{"line":91,"column":42},"end":{"line":91,"column":76}},"loc":{"start":{"line":91,"column":42},"end":{"line":91,"column":76}},"line":91}},"f":{"0":12,"1":2,"2":1,"3":1,"4":4,"5":0}}
,"/Users/mussa/Documents/Universidad/Ingenieria de Software III/ing-soft3-final/frontend/src/pages/RegisterPage.tsx": {"path":"/Users/mussa/Documents/Universidad/Ingenieria de Software III/ing-soft3-final/frontend/src/pages/RegisterPage.tsx","all":false,"statementMap":{"0":{"start":{"line":1,"column":0},"end":{"line":1,"column":40}},"8":{"start":{"line":9,"column":0},"end":{"line":9,"column":45}},"9":{"start":{"line":10,"column":0},"end":{"line":10,"column":41}},"10":{"start":{"line":11,"column":0},"end":{"line":11,"column":43}},"11":{"start":{"line":12,"column":0},"end":{"line":12,"column":49}},"12":{"start":{"line":13,"column":0},"end":{"line":13,"column":43}},"13":{"start":{"line":14,"column":0},"end":{"line":14,"column":54}},"15":{"start":{"line":16,"column":0},"end":{"line":16,"column":35}},"17":{"start":{"line":18,"column":0},"end":{"line":18,"column":56}},"18":{"start":{"line":19,"column":0},"end":{"line":19,"column":27}},"19":{"start":{"line":20,"column":0},"end":{"line":20,"column":21}},"20":{"start":{"line":21,"column":0},"end":{"line":21,"column":27}},"22":{"start":{"line":23,"column":0},"end":{"line":23,"column":13}},"23":{"start":{"line":24,"column":0},"end":{"line":24,"column":62}},"24":{"start":{"line":25,"column":0},"end":{"line":25,"column":31}},"25":{"start":{"line":26,"column":0},"end":{"line":26,"column":28}},"26":{"start":{"line":27,"column":0},"end":{"line":27,"column":94}},"27":{"start":{"line":28,"column":0},"end":{"line":28,"column":19}},"28":{"start":{"line":29,"column":0},"end":{"line":29,"column":32}},"29":{"start":{"line":30,"column":0},"end":{"line":30,"column":9}},"30":{"start":{"line":31,"column":0},"end":{"line":31,"column":6}},"32":{"start":{"line":33,"column":0},"end":{"line":33,"column":12}},"33":{"start":{"line":34,"column":0},"end":{"line":34,"column":16}},"34":{"start":{"line":35,"column":0},"end":{"line":35,"column":50}},"35":{"start":{"line":36,"column":0},"end":{"line":36,"column":45}},"36":{"start":{"line":37,"column":0},"end":{"line":37,"column":68}},"37":{"start":{"line":38,"column":0},"end":{"line":38,"column":78}},"39":{"start":{"line":40,"column":0},"end":{"line":40,"column":50}},"40":{"start":{"line":41,"column":0},"end":{"line":41,"column":30}},"41":{"start":{"line":42,"column":0},"end":{"line":42,"column":37}},"42":{"start":{"line":43,"column":0},"end":{"line":43,"column":39}},"43":{"start":{"line":44,"column":0},"end":{"line":44,"column":45}},"44":{"start":{"line":45,"column":0},"end":{"line":45,"column":39}},"45":{"start":{"line":46,"column":0},"end":{"line":46,"column":40}},"46":{"start":{"line":47,"column":0},"end":{"line":47,"column":69}},"47":{"start":{"line":48,"column":0},"end":{"line":48,"column":36}},"48":{"start":{"line":49,"column":0},"end":{"line":49,"column":37}},"49":{"start":{"line":50,"column":0},"end":{"line":50,"column":26}},"50":{"start":{"line":51,"column":0},"end":{"line":51,"column":30}},"51":{"start":{"line":52,"column":0},"end":{"line":52,"column":38}},"52":{"start":{"line":53,"column":0},"end":{"line":53,"column":40}},"53":{"start":{"line":54,"column":0},"end":{"line":54,"column":41}},"54":{"start":{"line":55,"column":0},"end":{"line":55,"column":40}},"55":{"start":{"line":56,"column":0},"end":{"line":56,"column":41}},"56":{"start":{"line":57,"column":0},"end":{"line":57,"column":70}},"57":{"start":{"line":58,"column":0},"end":{"line":58,"column":36}},"58":{"start":{"line":59,"column":0},"end":{"line":59,"column":37}},"59":{"start":{"line":60,"column":0},"end":{"line":60,"column":26}},"60":{"start":{"line":61,"column":0},"end":{"line":61,"column":30}},"61":{"start":{"line":62,"column":0},"end":{"line":62,"column":41}},"62":{"start":{"line":63,"column":0},"end":{"line":63,"column":43}},"63":{"start":{"line":64,"column":0},"end":{"line":64,"column":44}},"64":{"start":{"line":65,"column":0},"end":{"line":65,"column":43}},"65":{"start":{"line":66,"column":0},"end":{"line":66,"column":44}},"66":{"start":{"line":67,"column":0},"end":{"line":67,"column":73}},"67":{"start":{"line":68,"column":0},"end":{"line":68,"column":36}},"68":{"start":{"line":69,"column":0},"end":{"line":69,"column":37}},"69":{"start":{"line":70,"column":0},"end":{"line":70,"column":26}},"71":{"start":{"line":72,"column":0},"end":{"line":72,"column":85}},"73":{"start":{"line":74,"column":0},"end":{"line":74,"column":107}},"74":{"start":{"line":75,"column":0},"end":{"line":75,"column":76}},"75":{"start":{"line":76,"column":0},"end":{"line":76,"column":33}},"76":{"start":{"line":77,"column":0},"end":{"line":77,"column":27}},"78":{"start":{"line":79,"column":0},"end":{"line":79,"column":51}},"79":{"start":{"line":80,"column":0},"end":{"line":80,"column":81}},"80":{"start":{"line":81,"column":0},"end":{"line":81,"column":26}},"81":{"start":{"line":82,"column":0},"end":{"line":82,"column":22}},"82":{"start":{"line":83,"column":0},"end":{"line":83,"column":18}},"83":{"start":{"line":84,"column":0},"end":{"line":84,"column":17}},"85":{"start":{"line":86,"column":0},"end":{"line":86,"column":2}}},"s":{"0":1,"8":1,"9":77,"10":77,"11":77,"12":77,"13":77,"15":77,"17":77,"18":2,"19":2,"20":2,"22":2,"23":2,"24":1,"25":1,"26":1,"27":2,"28":2,"29":2,"30":2,"32":77,"33":77,"34":77,"35":77,"36":77,"37":77,"39":77,"40":77,"41":77,"42":77,"43":77,"44":77,"45":77,"46":77,"47":77,"48":77,"49":77,"50":77,"51":77,"52":77,"53":77,"54":77,"55":77,"56":77,"57":77,"58":77,"59":77,"60":77,"61":77,"62":77,"63":77,"64":77,"65":77,"66":77,"67":77,"68":77,"69":77,"71":77,"73":77,"74":77,"75":77,"76":77,"78":77,"79":77,"80":77,"81":77,"82":77,"83":77,"85":77},"branchMap":{"0":{"type":"branch","line":9,"loc":{"start":{"line":9,"column":38},"end":{"line":86,"column":2}},"locations":[{"start":{"line":9,"column":38},"end":{"line":86,"column":2}}]},"1":{"type":"branch","line":72,"loc":{"start":{"line":72,"column":25},"end":{"line":72,"column":85}},"locations":[{"start":{"line":72,"column":25},"end":{"line":72,"column":85}}]},"2":{"type":"branch","line":75,"loc":{"start":{"line":75,"column":29},"end":{"line":75,"column":65}},"locations":[{"start":{"line":75,"column":29},"end":{"line":75,"column":65}}]},"3":{"type":"branch","line":75,"loc":{"start":{"line":75,"column":41},"end":{"line":75,"column":76}},"locations":[{"start":{"line":75,"column":41},"end":{"line":75,"column":76}}]},"4":{"type":"branch","line":18,"loc":{"start":{"line":18,"column":25},"end":{"line":31,"column":6}},"locations":[{"start":{"line":18,"column":25},"end":{"line":31,"column":6}}]},"5":{"type":"branch","line":24,"loc":{"start":{"line":24,"column":60},"end":{"line":28,"column":10}},"locations":[{"start":{"line":24,"column":60},"end":{"line":28,"column":10}}]},"6":{"type":"branch","line":27,"loc":{"start":{"line":27,"column":41},"end":{"line":27,"column":92}},"locations":[{"start":{"line":27,"column":41},"end":{"line":27,"column":92}}]},"7":{"type":"branch","line":47,"loc":{"start":{"line":47,"column":38},"end":{"line":47,"column":69}},"locations":[{"start":{"line":47,"column":38},"end":{"line":47,"column":69}}]},"8":{"type":"branch","line":57,"loc":{"start":{"line":57,"column":38},"end":{"line":57,"column":70}},"locations":[{"start":{"line":57,"column":38},"end":{"line":57,"column":70}}]},"9":{"type":"branch","line":67,"loc":{"start":{"line":67,"column":38},"end":{"line":67,"column":73}},"locations":[{"start":{"line":67,"column":38},"end":{"line":67,"column":73}}]}},"b":{"0":[77],"1":[1],"2":[2],"3":[75],"4":[2],"5":[1],"6":[0],"7":[18],"8":[30],"9":[22]},"fnMap":{"0":{"name":"RegisterPage","decl":{"start":{"line":9,"column":38},"end":{"line":86,"column":2}},"loc":{"start":{"line":9,"column":38},"end":{"line":86,"column":2}},"line":9},"1":{"name":"handleSubmit","decl":{"start":{"line":18,"column":25},"end":{"line":31,"column":6}},"loc":{"start":{"line":18,"column":25},"end":{"line":31,"column":6}},"line":18},"2":{"name":"onChange","decl":{"start":{"line":47,"column":38},"end":{"line":47,"column":69}},"loc":{"start":{"line":47,"column":38},"end":{"line":47,"column":69}},"line":47},"3":{"name":"onChange","decl":{"start":{"line":57,"column":38},"end":{"line":57,"column":70}},"loc":{"start":{"line":57,"column":38},"end":{"line":57,"column":70}},"line":57},"4":{"name":"onChange","decl":{"start":{"line":67,"column":38},"end":{"line":67,"column":73}},"loc":{"start":{"line":67,"column":38},"end":{"line":67,"column":73}},"line":67}},"f":{"0":77,"1":2,"2":18,"3":30,"4":22}}
}
