mode: set
vesuvio/internal/client/db_client.go:11.42,13.16 2 0
vesuvio/internal/client/db_client.go:13.16,15.3 1 0
vesuvio/internal/client/db_client.go:17.2,17.86 1 0
vesuvio/internal/client/db_client.go:17.86,19.3 1 0
vesuvio/internal/client/db_client.go:21.2,21.16 1 0
vesuvio/internal/client/migrate_seed.go:15.33,17.2 1 0
vesuvio/internal/client/migrate_seed.go:28.74,29.26 1 0
vesuvio/internal/client/migrate_seed.go:29.26,31.57 2 0
vesuvio/internal/client/migrate_seed.go:31.57,33.4 1 0
vesuvio/internal/client/migrate_seed.go:35.3,37.60 3 0
vesuvio/internal/client/migrate_seed.go:37.60,39.4 1 0
vesuvio/internal/client/migrate_seed.go:40.3,40.23 1 0
vesuvio/internal/client/migrate_seed.go:40.23,41.12 1 0
vesuvio/internal/client/migrate_seed.go:44.3,45.17 2 0
vesuvio/internal/client/migrate_seed.go:45.17,47.4 1 0
vesuvio/internal/client/migrate_seed.go:49.3,55.68 2 0
vesuvio/internal/client/migrate_seed.go:55.68,57.4 1 0
vesuvio/internal/client/migrate_seed.go:59.2,59.12 1 0
vesuvio/internal/client/reservation_client.go:18.63,20.2 1 0
vesuvio/internal/client/reservation_client.go:22.148,32.65 2 0
vesuvio/internal/client/reservation_client.go:32.65,34.3 1 0
vesuvio/internal/client/reservation_client.go:35.2,35.45 1 0
vesuvio/internal/client/reservation_client.go:38.140,41.19 3 0
vesuvio/internal/client/reservation_client.go:41.19,43.3 1 0
vesuvio/internal/client/reservation_client.go:44.2,44.70 1 0
vesuvio/internal/client/reservation_client.go:44.70,46.3 1 0
vesuvio/internal/client/reservation_client.go:47.2,47.42 1 0
vesuvio/internal/client/reservation_client.go:50.115,53.44 3 0
vesuvio/internal/client/reservation_client.go:53.44,55.3 1 0
vesuvio/internal/client/reservation_client.go:56.2,56.16 1 0
vesuvio/internal/client/reservation_client.go:56.16,58.3 1 0
vesuvio/internal/client/reservation_client.go:59.2,59.45 1 0
vesuvio/internal/client/reservation_client.go:62.135,64.67 2 0
vesuvio/internal/client/reservation_client.go:64.67,65.50 1 0
vesuvio/internal/client/reservation_client.go:65.50,67.4 1 0
vesuvio/internal/client/reservation_client.go:68.3,69.29 2 0
vesuvio/internal/client/reservation_client.go:71.2,71.44 1 0
vesuvio/internal/client/reservation_client.go:71.44,73.3 1 0
vesuvio/internal/client/reservation_client.go:74.2,74.16 1 0
vesuvio/internal/client/reservation_client.go:74.16,76.3 1 0
vesuvio/internal/client/reservation_client.go:77.2,77.45 1 0
vesuvio/internal/client/reservation_client.go:80.143,83.19 3 0
vesuvio/internal/client/reservation_client.go:83.19,85.3 1 0
vesuvio/internal/client/reservation_client.go:86.2,86.64 1 0
vesuvio/internal/client/reservation_client.go:86.64,88.3 1 0
vesuvio/internal/client/reservation_client.go:89.2,89.81 1 0
vesuvio/internal/client/reservation_client.go:89.81,91.3 1 0
vesuvio/internal/client/reservation_client.go:94.138,96.27 2 1
vesuvio/internal/client/reservation_client.go:96.27,98.24 2 1
vesuvio/internal/client/reservation_client.go:98.24,100.4 1 1
vesuvio/internal/client/reservation_client.go:101.3,101.71 1 1
vesuvio/internal/client/reservation_client.go:103.2,103.21 1 1
vesuvio/internal/client/reservation_client.go:106.101,119.2 1 1
vesuvio/internal/client/user_client.go:17.49,19.2 1 0
vesuvio/internal/client/user_client.go:21.120,29.66 2 0
vesuvio/internal/client/user_client.go:29.66,31.3 1 0
vesuvio/internal/client/user_client.go:32.2,32.34 1 0
vesuvio/internal/client/user_client.go:35.114,38.44 3 0
vesuvio/internal/client/user_client.go:38.44,40.3 1 0
vesuvio/internal/client/user_client.go:41.2,41.16 1 0
vesuvio/internal/client/user_client.go:41.16,43.3 1 0
vesuvio/internal/client/user_client.go:44.2,47.8 1 0
vesuvio/internal/client/user_client.go:50.94,53.44 3 0
vesuvio/internal/client/user_client.go:53.44,55.3 1 0
vesuvio/internal/client/user_client.go:56.2,56.16 1 0
vesuvio/internal/client/user_client.go:56.16,58.3 1 0
vesuvio/internal/client/user_client.go:59.2,59.34 1 0
vesuvio/internal/client/user_client.go:62.57,71.2 1 1
vesuvio/main.go:16.13,21.16 4 0
vesuvio/main.go:21.16,23.3 1 0
vesuvio/main.go:25.2,43.2 14 0
vesuvio/main.go:43.2,47.3 3 0
vesuvio/main.go:49.2,51.2 3 0
vesuvio/main.go:51.2,55.3 3 0
vesuvio/main.go:57.2,57.46 1 0
vesuvio/main.go:57.46,59.3 1 0
vesuvio/main.go:63.35,65.33 2 1
vesuvio/main.go:65.33,67.3 1 1
vesuvio/main.go:68.2,70.19 3 1
vesuvio/internal/config/config.go:16.20,18.40 1 1
vesuvio/internal/config/config.go:18.40,21.3 1 1
vesuvio/internal/config/config.go:23.2,26.3 1 1
vesuvio/internal/config/config.go:29.42,30.38 1 1
vesuvio/internal/config/config.go:30.38,32.3 1 1
vesuvio/internal/config/config.go:33.2,33.17 1 1
vesuvio/internal/middleware/auth_middleware.go:16.71,17.30 1 1
vesuvio/internal/middleware/auth_middleware.go:17.30,19.25 2 1
vesuvio/internal/middleware/auth_middleware.go:19.25,22.4 2 1
vesuvio/internal/middleware/auth_middleware.go:24.3,25.29 2 1
vesuvio/internal/middleware/auth_middleware.go:25.29,28.4 2 0
vesuvio/internal/middleware/auth_middleware.go:30.3,31.17 2 1
vesuvio/internal/middleware/auth_middleware.go:31.17,34.4 2 1
vesuvio/internal/middleware/auth_middleware.go:36.3,37.11 2 1
vesuvio/internal/middleware/auth_middleware.go:42.34,43.30 1 1
vesuvio/internal/middleware/auth_middleware.go:43.30,45.14 2 1
vesuvio/internal/middleware/auth_middleware.go:45.14,48.4 2 0
vesuvio/internal/middleware/auth_middleware.go:49.3,50.20 2 1
vesuvio/internal/middleware/auth_middleware.go:50.20,53.4 2 1
vesuvio/internal/middleware/auth_middleware.go:54.3,54.11 1 0
vesuvio/internal/middleware/cors_middleware.go:7.39,8.30 1 0
vesuvio/internal/middleware/cors_middleware.go:8.30,14.36 5 0
vesuvio/internal/middleware/cors_middleware.go:14.36,17.4 2 0
vesuvio/internal/middleware/cors_middleware.go:19.3,19.11 1 0
vesuvio/internal/controller/admin_controller.go:20.90,22.2 1 1
vesuvio/internal/controller/admin_controller.go:24.62,27.37 3 1
vesuvio/internal/controller/admin_controller.go:27.37,29.3 1 0
vesuvio/internal/controller/admin_controller.go:31.2,35.16 2 1
vesuvio/internal/controller/admin_controller.go:35.16,36.14 1 0
vesuvio/internal/controller/admin_controller.go:37.58,38.62 1 0
vesuvio/internal/controller/admin_controller.go:39.11,40.89 1 0
vesuvio/internal/controller/admin_controller.go:42.3,42.9 1 0
vesuvio/internal/controller/admin_controller.go:45.2,46.24 2 1
vesuvio/internal/controller/admin_controller.go:46.24,63.3 2 1
vesuvio/internal/controller/admin_controller.go:65.2,65.29 1 1
vesuvio/internal/controller/admin_controller.go:68.64,71.9 3 1
vesuvio/internal/controller/admin_controller.go:71.9,74.3 2 0
vesuvio/internal/controller/admin_controller.go:76.2,77.16 2 1
vesuvio/internal/controller/admin_controller.go:77.16,78.14 1 0
vesuvio/internal/controller/admin_controller.go:79.39,80.72 1 0
vesuvio/internal/controller/admin_controller.go:81.58,82.62 1 0
vesuvio/internal/controller/admin_controller.go:83.32,84.61 1 0
vesuvio/internal/controller/admin_controller.go:85.11,86.91 1 0
vesuvio/internal/controller/admin_controller.go:88.3,88.9 1 0
vesuvio/internal/controller/admin_controller.go:91.2,91.52 1 1
vesuvio/internal/controller/admin_controller.go:94.63,97.9 3 1
vesuvio/internal/controller/admin_controller.go:97.9,100.3 2 0
vesuvio/internal/controller/admin_controller.go:102.2,103.16 2 1
vesuvio/internal/controller/admin_controller.go:103.16,104.14 1 0
vesuvio/internal/controller/admin_controller.go:105.39,106.72 1 0
vesuvio/internal/controller/admin_controller.go:107.58,108.62 1 0
vesuvio/internal/controller/admin_controller.go:109.32,110.61 1 0
vesuvio/internal/controller/admin_controller.go:111.11,112.90 1 0
vesuvio/internal/controller/admin_controller.go:114.3,114.9 1 0
vesuvio/internal/controller/admin_controller.go:117.2,117.52 1 1
vesuvio/internal/controller/admin_controller.go:120.46,122.27 2 1
vesuvio/internal/controller/admin_controller.go:122.27,124.3 1 0
vesuvio/internal/controller/admin_controller.go:125.2,125.23 1 1
vesuvio/internal/controller/auth_controller.go:17.74,19.2 1 1
vesuvio/internal/controller/auth_controller.go:21.53,23.47 2 1
vesuvio/internal/controller/auth_controller.go:23.47,26.3 2 0
vesuvio/internal/controller/auth_controller.go:28.2,33.16 2 1
vesuvio/internal/controller/auth_controller.go:33.16,34.14 1 1
vesuvio/internal/controller/auth_controller.go:35.63,36.62 1 1
vesuvio/internal/controller/auth_controller.go:37.11,38.80 1 0
vesuvio/internal/controller/auth_controller.go:40.3,40.9 1 1
vesuvio/internal/controller/auth_controller.go:43.2,48.4 1 1
vesuvio/internal/controller/auth_controller.go:51.50,53.47 2 1
vesuvio/internal/controller/auth_controller.go:53.47,56.3 2 0
vesuvio/internal/controller/auth_controller.go:58.2,62.16 2 1
vesuvio/internal/controller/auth_controller.go:62.16,63.14 1 1
vesuvio/internal/controller/auth_controller.go:64.63,65.74 1 1
vesuvio/internal/controller/auth_controller.go:66.11,67.77 1 0
vesuvio/internal/controller/auth_controller.go:69.3,69.9 1 1
vesuvio/internal/controller/auth_controller.go:72.2,77.4 1 1
vesuvio/internal/controller/reservation_controller.go:20.102,22.2 1 1
vesuvio/internal/controller/reservation_controller.go:24.69,28.47 3 1
vesuvio/internal/controller/reservation_controller.go:28.47,31.3 2 0
vesuvio/internal/controller/reservation_controller.go:33.2,40.16 2 1
vesuvio/internal/controller/reservation_controller.go:40.16,41.14 1 0
vesuvio/internal/controller/reservation_controller.go:42.32,43.62 1 0
vesuvio/internal/controller/reservation_controller.go:44.11,45.90 1 0
vesuvio/internal/controller/reservation_controller.go:47.3,47.9 1 0
vesuvio/internal/controller/reservation_controller.go:50.2,50.68 1 1
vesuvio/internal/controller/reservation_controller.go:53.70,56.37 3 1
vesuvio/internal/controller/reservation_controller.go:56.37,58.3 1 0
vesuvio/internal/controller/reservation_controller.go:60.2,64.16 2 1
vesuvio/internal/controller/reservation_controller.go:64.16,65.14 1 0
vesuvio/internal/controller/reservation_controller.go:66.58,67.62 1 0
vesuvio/internal/controller/reservation_controller.go:68.11,69.89 1 0
vesuvio/internal/controller/reservation_controller.go:71.3,71.9 1 0
vesuvio/internal/controller/reservation_controller.go:74.2,75.24 2 1
vesuvio/internal/controller/reservation_controller.go:75.24,77.3 1 1
vesuvio/internal/controller/reservation_controller.go:78.2,78.29 1 1
vesuvio/internal/controller/reservation_controller.go:81.69,85.27 4 1
vesuvio/internal/controller/reservation_controller.go:85.27,88.3 2 0
vesuvio/internal/controller/reservation_controller.go:90.2,94.16 2 1
vesuvio/internal/controller/reservation_controller.go:94.16,95.14 1 0
vesuvio/internal/controller/reservation_controller.go:96.32,97.62 1 0
vesuvio/internal/controller/reservation_controller.go:98.40,99.90 1 0
vesuvio/internal/controller/reservation_controller.go:100.39,101.72 1 0
vesuvio/internal/controller/reservation_controller.go:102.11,103.90 1 0
vesuvio/internal/controller/reservation_controller.go:105.3,105.9 1 0
vesuvio/internal/controller/reservation_controller.go:108.2,108.52 1 1
vesuvio/internal/controller/reservation_controller.go:111.90,123.2 1 1
vesuvio/internal/service/auth_service.go:23.57,25.2 1 1
vesuvio/internal/service/auth_service.go:27.129,30.74 3 1
vesuvio/internal/service/auth_service.go:30.74,32.3 1 0
vesuvio/internal/service/auth_service.go:34.2,35.16 2 1
vesuvio/internal/service/auth_service.go:35.16,37.3 1 0
vesuvio/internal/service/auth_service.go:38.2,38.21 1 1
vesuvio/internal/service/auth_service.go:38.21,40.3 1 1
vesuvio/internal/service/auth_service.go:42.2,43.16 2 1
vesuvio/internal/service/auth_service.go:43.16,45.3 1 0
vesuvio/internal/service/auth_service.go:47.2,53.16 2 1
vesuvio/internal/service/auth_service.go:53.16,55.3 1 0
vesuvio/internal/service/auth_service.go:57.2,57.57 1 1
vesuvio/internal/service/auth_service.go:60.120,62.60 2 1
vesuvio/internal/service/auth_service.go:62.60,64.3 1 0
vesuvio/internal/service/auth_service.go:66.2,67.16 2 1
vesuvio/internal/service/auth_service.go:67.16,69.3 1 0
vesuvio/internal/service/auth_service.go:70.2,70.17 1 1
vesuvio/internal/service/auth_service.go:70.17,72.3 1 0
vesuvio/internal/service/auth_service.go:74.2,74.105 1 1
vesuvio/internal/service/auth_service.go:74.105,76.3 1 1
vesuvio/internal/service/auth_service.go:78.2,78.58 1 1
vesuvio/internal/service/auth_service.go:81.91,83.16 2 1
vesuvio/internal/service/auth_service.go:83.16,85.3 1 0
vesuvio/internal/service/auth_service.go:86.2,86.17 1 1
vesuvio/internal/service/auth_service.go:86.17,88.3 1 1
vesuvio/internal/service/auth_service.go:89.2,89.18 1 0
vesuvio/internal/service/reservation_service.go:23.77,25.2 1 1
vesuvio/internal/service/reservation_service.go:27.155,28.84 1 1
vesuvio/internal/service/reservation_service.go:28.84,30.3 1 1
vesuvio/internal/service/reservation_service.go:32.2,33.16 2 1
vesuvio/internal/service/reservation_service.go:33.16,35.3 1 1
vesuvio/internal/service/reservation_service.go:37.2,45.16 2 1
vesuvio/internal/service/reservation_service.go:45.16,47.3 1 0
vesuvio/internal/service/reservation_service.go:49.2,49.68 1 1
vesuvio/internal/service/reservation_service.go:52.150,53.23 1 1
vesuvio/internal/service/reservation_service.go:53.23,55.3 1 0
vesuvio/internal/service/reservation_service.go:56.2,56.58 1 1
vesuvio/internal/service/reservation_service.go:56.58,58.3 1 1
vesuvio/internal/service/reservation_service.go:59.2,59.84 1 1
vesuvio/internal/service/reservation_service.go:62.143,63.51 1 1
vesuvio/internal/service/reservation_service.go:63.51,65.3 1 0
vesuvio/internal/service/reservation_service.go:67.2,68.16 2 1
vesuvio/internal/service/reservation_service.go:68.16,70.3 1 0
vesuvio/internal/service/reservation_service.go:71.2,71.16 1 1
vesuvio/internal/service/reservation_service.go:71.16,73.3 1 0
vesuvio/internal/service/reservation_service.go:74.2,74.32 1 1
vesuvio/internal/service/reservation_service.go:74.32,76.3 1 1
vesuvio/internal/service/reservation_service.go:78.2,78.46 1 1
vesuvio/internal/service/reservation_service.go:78.46,80.3 1 0
vesuvio/internal/service/reservation_service.go:82.2,83.16 2 1
vesuvio/internal/service/reservation_service.go:83.16,85.3 1 0
vesuvio/internal/service/reservation_service.go:86.2,86.21 1 1
vesuvio/internal/service/reservation_service.go:89.152,90.22 1 1
vesuvio/internal/service/reservation_service.go:90.22,92.3 1 0
vesuvio/internal/service/reservation_service.go:93.2,93.58 1 1
vesuvio/internal/service/reservation_service.go:93.58,95.3 1 0
vesuvio/internal/service/reservation_service.go:97.2,98.16 2 1
vesuvio/internal/service/reservation_service.go:98.16,100.3 1 0
vesuvio/internal/service/reservation_service.go:102.2,102.76 1 1
vesuvio/internal/service/reservation_service.go:105.146,106.20 1 1
vesuvio/internal/service/reservation_service.go:106.20,108.3 1 1
vesuvio/internal/service/reservation_service.go:109.2,109.82 1 1
vesuvio/internal/service/reservation_service.go:112.150,113.20 1 1
vesuvio/internal/service/reservation_service.go:113.20,115.3 1 0
vesuvio/internal/service/reservation_service.go:116.2,116.82 1 1
vesuvio/internal/service/reservation_service.go:119.143,120.24 1 1
vesuvio/internal/service/reservation_service.go:120.24,122.3 1 0
vesuvio/internal/service/reservation_service.go:123.2,123.28 1 1
vesuvio/internal/service/reservation_service.go:123.28,125.3 1 0
vesuvio/internal/service/reservation_service.go:127.2,128.16 2 1
vesuvio/internal/service/reservation_service.go:128.16,130.3 1 0
vesuvio/internal/service/reservation_service.go:131.2,131.16 1 1
vesuvio/internal/service/reservation_service.go:131.16,133.3 1 1
vesuvio/internal/service/reservation_service.go:135.2,135.80 1 1
vesuvio/internal/service/reservation_service.go:138.40,139.16 1 1
vesuvio/internal/service/reservation_service.go:140.88,141.14 1 1
vesuvio/internal/service/reservation_service.go:142.10,143.15 1 1
